+ HELION_BACKEND=pallas
+ HELION_PRINT_OUTPUT_CODE=1
+ HELION_LOGS=+pallas
+ python /home/ymu_google_com/helion/tmp/jagged_sum_pallas_experiment/variants/v2_2d_index.py
----- BEGIN VARIANT v2_2d_index -----
WARNING: All log messages before absl::InitializeLog() is called are written to STDERR
I0000 00:00:1779829674.986072 1863277 pjrt_api.cc:96] PJRT_Api is set for device type cpu
I0000 00:00:1779829675.010101 1863277 pjrt_api.cc:118] GetPjrtApi was found for TPU at /home/ymu_google_com/miniconda3/envs/tpu/lib/python3.12/site-packages/libtpu/libtpu.so
I0000 00:00:1779829675.010149 1863277 pjrt_api.cc:96] PJRT_Api is set for device type tpu
I0000 00:00:1779829675.032311 1863277 device_rt.cc:97] PjRt runtime initialization deferred for tpu
Successfully renamed PrivateUse1 backend to 'tpu'. Device: device(type='tpu')
Registered Python module for 'tpu'.
Device type: tpu, Device index: default
Initializing TPU distributed runtime
==============================================================================
=== V2 — 2D-index form: x_data[base, :] inside hl.jagged_tile
==============================================================================
------------------------------------------------------------------------------
--- size 'small': {'B': 8, 'max_seqlen': 64}
------------------------------------------------------------------------------
I0000 00:00:1779829676.053420 1863277 pjrt_api.cc:167] The PJRT plugin has PJRT API version 0.108. The framework PJRT API version is 0.104.
I0000 00:00:1779829678.336944 1863277 pjrt_c_api_client.cc:197] PjRtCApiClient created.
W0000 00:00:1779829678.336981 1863277 pjrt_state.cc:230] Only using 1 device out of all the 8 addressable devices.
I0000 00:00:1779829678.370018 1864066 tier2_compilation_cache.cc:149] Tier-2 compilation cache is disabled for world size 1.
I0000 00:00:1779829678.370045 1864066 tier3_compilation_cache.cc:65] Backup compilation for tier-3 cache read is disabled as tier-3 cache is disabled.
INPUT  x_data.shape=(256, 128) dtype=torch.float32 device=tpu:0
INPUT  x_offsets.shape=(9,) dtype=torch.int32
INPUT  x_offsets head/tail = [0, 45, 93, 147, 148, 152, 212, 216, 256]
INPUT  L=nnz_total=256; if backend allocates full-input VMEM scratch, that's ~128.0 KiB (~0.12 MiB)
/home/ymu_google_com/helion/helion/_compiler/compile_environment.py:238: UserWarning: The 'pallas' backend is experimental and may have limited functionality.
  warn_once(
Using default config: @helion.kernel(config=helion.Config(block_sizes=[8, 32], pallas_loop_type='fori_loop', pallas_pre_broadcast=False), static_shapes=True)
# Output code written to: /tmp/torchinductor_ymu_google_com/cr/ccr54katcfobweofytqhpo7pkxxruuxldrft2grxlr34qotdudgp.py
from __future__ import annotations

import torch
import jax
import jax.numpy as jnp
from jax.experimental import pallas as pl
import jax.lax as lax
from jax.experimental.pallas import tpu as pltpu
from helion.runtime import default_pallas_fori_launcher as _default_pallas_fori_launcher

_BLOCK_SIZE_0 = int(8)
_BLOCK_SIZE_1 = int(32)

def _helion_jagged_sum_2d_index(x_offsets, x_data, out, scratch_2, x_data_buf, x_data_sem):
    # src[v2_2d_index.py:35]: for tile_b in hl.tile(num_rows):
    pid_0 = pl.program_id(0)
    offset_0 = pid_0 * _BLOCK_SIZE_0
    indices_0 = offset_0 + jnp.arange(0, _BLOCK_SIZE_0, dtype=jnp.int32)
    # src[v2_2d_index.py:36]: starts = x_offsets[tile_b]
    starts = x_offsets[pl.ds(offset_0, _BLOCK_SIZE_0)]
    starts = tl.cast(starts, tl.int32)
    tl.static_assert(starts.dtype == tl.int32)
    # src[v2_2d_index.py:37]: ends = x_offsets[tile_b.index + 1]
    v_0 = jnp.array(1, dtype=jnp.int32)
    v_1 = indices_0 + v_0
    ends = x_offsets[pl.ds(offset_0 + 1, _BLOCK_SIZE_0)]
    ends = tl.cast(ends, tl.int32)
    tl.static_assert(ends.dtype == tl.int32)
    # src[v2_2d_index.py:38]: nnz = ends - starts
    v_2 = ends - starts
    # src[v2_2d_index.py:40]: row_sums = hl.zeros([tile_b, M], dtype=x_data.dtype)
    row_sums = jnp.full([_BLOCK_SIZE_0, 128], 0.0, jnp.float32)
    row_sums = tl.cast(row_sums, tl.float32)
    tl.static_assert(row_sums.dtype == tl.float32)
    # src[v2_2d_index.py:41]: for tile_k in hl.jagged_tile(nnz):
    # src[v2_2d_index.py:42]:     base = starts[:, None] + tile_k.index[None, :]  # [tile_b, tile_k]
    # src[v2_2d_index.py:43]:     # 2D index over axis 0, full slice over axis 1.
    # src[v2_2d_index.py:41-45]: ...
    view = jnp.reshape(v_2, [_BLOCK_SIZE_0])
    amax = lax.convert_element_type(jnp.max(view, axis=0), jnp.int32)
    amax = tl.cast(amax, tl.int32)
    tl.static_assert(amax.dtype == tl.int32)
    scratch_2[...] = row_sums[...]

    def _fori_body_0(_j, _):
        nonlocal scratch_2, x_data_buf
        offset_1 = 0 + _j * _BLOCK_SIZE_1
        indices_1 = offset_1 + jnp.arange(0, _BLOCK_SIZE_1, dtype=jnp.int32)
        offset_3 = _j * _BLOCK_SIZE_1 + jnp.arange(_BLOCK_SIZE_1)
        _copy = pltpu.make_async_copy(x_data, x_data_buf, x_data_sem)
        _copy.start()
        _copy.wait()
        starts_copy = starts
        v_3 = scratch_2[...]
        starts_copy_0 = starts_copy
        v_3_0 = v_3
        # src[v2_2d_index.py:42]: base = starts[:, None] + tile_k.index[None, :]  # [tile_b, tile_k]
        subscript = starts_copy_0[:, None]
        subscript = tl.cast(subscript, tl.int32)
        tl.static_assert(subscript.dtype == tl.int32)
        subscript_1 = indices_1[None, :]
        subscript_1 = tl.cast(subscript_1, tl.int32)
        tl.static_assert(subscript_1.dtype == tl.int32)
        v_4 = subscript + subscript_1
        # src[v2_2d_index.py:44]: x_slice = x_data[base, :]  # expected shape [tile_b, tile_k, M]
        x_slice = jax.lax.dot_general(jax.nn.one_hot(v_4[...], x_data_buf.shape[0], dtype=jnp.float32), x_data_buf[...].astype(jnp.float32), (((jnp.ndim(v_4[...]),), (0,)), ((), ())), preferred_element_type=jnp.float32, precision=jax.lax.Precision.HIGHEST).astype(jnp.float32)
        x_slice = tl.cast(x_slice, tl.float32)
        tl.static_assert(x_slice.dtype == tl.float32)
        # src[v2_2d_index.py:45]: row_sums = row_sums + x_slice.sum(dim=1)
        sum_1 = lax.convert_element_type(jnp.sum(x_slice, axis=1), jnp.float32)
        sum_1 = tl.cast(sum_1, tl.float32)
        tl.static_assert(sum_1.dtype == tl.float32)
        v_5 = v_3_0 + sum_1
        # src[v2_2d_index.py:41]: for tile_k in hl.jagged_tile(nnz):
        # src[v2_2d_index.py:42]:     base = starts[:, None] + tile_k.index[None, :]  # [tile_b, tile_k]
        # src[v2_2d_index.py:43]:     # 2D index over axis 0, full slice over axis 1.
        # src[v2_2d_index.py:41-45]: ...
        scratch_2[...] = v_5[...]
    jax.lax.fori_loop(0, (amax - 0 + _BLOCK_SIZE_1 - 1) // _BLOCK_SIZE_1, _fori_body_0, None)
    row_sums = scratch_2[...]
    # src[v2_2d_index.py:47]: out[tile_b, :] = row_sums
    out[:, :] = row_sums

def jagged_sum_2d_index(x_data: torch.Tensor, x_offsets: torch.Tensor, *, _launcher=_default_pallas_fori_launcher):
    # src[v2_2d_index.py:29]: M = x_data.shape[1]
    M = x_data.shape[1]
    # src[v2_2d_index.py:30]: num_rows = x_offsets.size(0) - 1
    num_rows = x_offsets.size(0) - 1
    # src[v2_2d_index.py:31]: out = torch.zeros(
    # src[v2_2d_index.py:32]:     [num_rows, M], dtype=x_data.dtype, device=x_data.device
    # src[v2_2d_index.py:33]: )
    out = torch.zeros([num_rows, M], dtype=x_data.dtype, device=x_data.device)
    # src[v2_2d_index.py:35]: for tile_b in hl.tile(num_rows):
    _BLOCK_SIZE_0 = 8
    # src[v2_2d_index.py:35]: for tile_b in hl.tile(num_rows):
    # src[v2_2d_index.py:36]:     starts = x_offsets[tile_b]
    # src[v2_2d_index.py:37]:     ends = x_offsets[tile_b.index + 1]
    # src[v2_2d_index.py:35-47]: ...
    _launcher(_helion_jagged_sum_2d_index, ((8 + _BLOCK_SIZE_0 - 1) // _BLOCK_SIZE_0,), x_offsets, x_data, out, _output_indices=[2], _inplace_indices=[2], _block_spec_info=[((None,), (None,)), ((None, None), (None, None)), ((8, None), (None, None))], _ds_pad_dims=[(0, 0, 8, 0)], _scratch_shapes=[((8, 128), 'jnp.float32', 'vmem'), ((256, 128), 'jnp.float32', 'vmem'), ((), None, 'dma_semaphore')], _pipeline_arg_indices=[1])
    # src[v2_2d_index.py:48]: return out
    return out

def call():
    from torch._dynamo.testing import rand_strided
    # src[v2_2d_index.py:25]: def jagged_sum_2d_index(
    # src[v2_2d_index.py:26]:     x_data: torch.Tensor,
    # src[v2_2d_index.py:27]:     x_offsets: torch.Tensor,
    # src[v2_2d_index.py:25-48]: ...
    x_data = rand_strided(size=(256, 128), stride=(128, 1), dtype=torch.float32, device='tpu:0')
    x_offsets = rand_strided(size=(9,), stride=(1,), dtype=torch.int32, device='tpu:0')
    jagged_sum_2d_index(x_data, x_offsets)
if __name__ == '__main__':
    call()
SIZE 'small': COMPILE/RUN FAILED — full traceback:
Traceback (most recent call last):
  File "/home/ymu_google_com/helion/tmp/jagged_sum_pallas_experiment/variants/_common.py", line 117, in run_all_sizes
    out = kernel_fn(x_data, x_offsets)
          ^^^^^^^^^^^^^^^^^^^^^^^^^^^^
  File "/home/ymu_google_com/helion/helion/runtime/kernel.py", line 415, in __call__
    return self.bind(args)(*args)
           ^^^^^^^^^^^^^^^^^^^^^^
  File "/home/ymu_google_com/helion/helion/runtime/kernel.py", line 1188, in __call__
    return self._run(*args)
           ^^^^^^^^^^^^^^^^
  File "/tmp/torchinductor_ymu_google_com/cr/ccr54katcfobweofytqhpo7pkxxruuxldrft2grxlr34qotdudgp.py", line 99, in jagged_sum_2d_index
    _launcher(_helion_jagged_sum_2d_index, ((8 + _BLOCK_SIZE_0 - 1) // _BLOCK_SIZE_0,), x_offsets, x_data, out, _output_indices=[2], _inplace_indices=[2], _block_spec_info=[((None,), (None,)), ((None, None), (None, None)), ((8, None), (None, None))], _ds_pad_dims=[(0, 0, 8, 0)], _scratch_shapes=[((8, 128), 'jnp.float32', 'vmem'), ((256, 128), 'jnp.float32', 'vmem'), ((), None, 'dma_semaphore')], _pipeline_arg_indices=[1])
  File "/home/ymu_google_com/helion/helion/runtime/__init__.py", line 1386, in default_pallas_fori_launcher
    return _pallas_invoke_and_return(
           ^^^^^^^^^^^^^^^^^^^^^^^^^^
  File "/home/ymu_google_com/helion/helion/runtime/__init__.py", line 787, in _pallas_invoke_and_return
    results = jax_callable(*input_tensors)  # type: ignore[operator]
              ^^^^^^^^^^^^^^^^^^^^^^^^^^^^
  File "/home/ymu_google_com/miniconda3/envs/tpu/lib/python3.12/site-packages/torch_tpu/_internal/pallas/pallas.py", line 514, in __call__
    lowered = self.exported(*jax_args, **kwargs)
              ^^^^^^^^^^^^^^^^^^^^^^^^^^^^^^^^^^
  File "/home/ymu_google_com/miniconda3/envs/tpu/lib/python3.12/site-packages/jax/_src/export/_export.py", line 645, in do_export
    traced = fun_jit.trace(*args_specs, **kwargs_specs)
             ^^^^^^^^^^^^^^^^^^^^^^^^^^^^^^^^^^^^^^^^^^
  File "/home/ymu_google_com/miniconda3/envs/tpu/lib/python3.12/site-packages/jax/_src/pallas/pallas_call.py", line 1531, in wrapped
    jaxpr, consts = _trace_kernel_to_jaxpr(
                    ^^^^^^^^^^^^^^^^^^^^^^^
  File "/home/ymu_google_com/miniconda3/envs/tpu/lib/python3.12/site-packages/jax/_src/pallas/pallas_call.py", line 1070, in _trace_kernel_to_jaxpr
    jaxpr, _, consts = pe.trace_to_jaxpr_dynamic(
                       ^^^^^^^^^^^^^^^^^^^^^^^^^^
  File "/home/ymu_google_com/miniconda3/envs/tpu/lib/python3.12/site-packages/jax/_src/pallas/primitives.py", line 652, in wrap_with_transforms
    return f(*new_args)
           ^^^^^^^^^^^^
  File "/home/ymu_google_com/helion/helion/runtime/__init__.py", line 643, in reordered_kernel
    pallas_kernel(*original_order, *extra_refs)  # type: ignore[operator]
    ^^^^^^^^^^^^^^^^^^^^^^^^^^^^^^^^^^^^^^^^^^^
  File "/tmp/torchinductor_ymu_google_com/cr/ccr54katcfobweofytqhpo7pkxxruuxldrft2grxlr34qotdudgp.py", line 21, in _helion_jagged_sum_2d_index
    starts = tl.cast(starts, tl.int32)
             ^^
NameError: name 'tl' is not defined
--------------------
For simplicity, JAX has removed its internal frames from the traceback of the following exception. Set JAX_TRACEBACK_FILTERING=off to include these.
------------------------------------------------------------------------------
--- size 'medium': {'B': 16, 'max_seqlen': 256}
------------------------------------------------------------------------------
INPUT  x_data.shape=(2052, 128) dtype=torch.float32 device=tpu:0
INPUT  x_offsets.shape=(17,) dtype=torch.int32
INPUT  x_offsets head/tail = [0, 173, 221, 339, 532, 600, 852, 1048, '...', 1835, 2052]
INPUT  L=nnz_total=2052; if backend allocates full-input VMEM scratch, that's ~1026.0 KiB (~1.00 MiB)
Using default config: @helion.kernel(config=helion.Config(block_sizes=[16, 32], pallas_loop_type='fori_loop', pallas_pre_broadcast=False), static_shapes=True)
# Output code written to: /tmp/torchinductor_ymu_google_com/ds/cdsiobxtthwa42ttpkxcnuysv222voimdzdmdz24jrslhyl6acbl.py
from __future__ import annotations

import torch
import jax
import jax.numpy as jnp
from jax.experimental import pallas as pl
import jax.lax as lax
from helion.runtime import default_pallas_fori_launcher as _default_pallas_fori_launcher

_BLOCK_SIZE_0 = int(16)
_BLOCK_SIZE_1 = int(32)

def _helion_jagged_sum_2d_index(x_offsets, x_data, out, scratch_2):
    # src[v2_2d_index.py:35]: for tile_b in hl.tile(num_rows):
    pid_0 = pl.program_id(0)
    offset_0 = pid_0 * _BLOCK_SIZE_0
    indices_0 = offset_0 + jnp.arange(0, _BLOCK_SIZE_0, dtype=jnp.int32)
    # src[v2_2d_index.py:36]: starts = x_offsets[tile_b]
    starts = x_offsets[pl.ds(offset_0, _BLOCK_SIZE_0)]
    starts = tl.cast(starts, tl.int32)
    tl.static_assert(starts.dtype == tl.int32)
    # src[v2_2d_index.py:37]: ends = x_offsets[tile_b.index + 1]
    v_0 = jnp.array(1, dtype=jnp.int32)
    v_1 = indices_0 + v_0
    ends = x_offsets[pl.ds(offset_0 + 1, _BLOCK_SIZE_0)]
    ends = tl.cast(ends, tl.int32)
    tl.static_assert(ends.dtype == tl.int32)
    # src[v2_2d_index.py:38]: nnz = ends - starts
    v_2 = ends - starts
    # src[v2_2d_index.py:40]: row_sums = hl.zeros([tile_b, M], dtype=x_data.dtype)
    row_sums = jnp.full([_BLOCK_SIZE_0, 128], 0.0, jnp.float32)
    row_sums = tl.cast(row_sums, tl.float32)
    tl.static_assert(row_sums.dtype == tl.float32)
    # src[v2_2d_index.py:41]: for tile_k in hl.jagged_tile(nnz):
    # src[v2_2d_index.py:42]:     base = starts[:, None] + tile_k.index[None, :]  # [tile_b, tile_k]
    # src[v2_2d_index.py:43]:     # 2D index over axis 0, full slice over axis 1.
    # src[v2_2d_index.py:41-45]: ...
    view = jnp.reshape(v_2, [_BLOCK_SIZE_0])
    amax = lax.convert_element_type(jnp.max(view, axis=0), jnp.int32)
    amax = tl.cast(amax, tl.int32)
    tl.static_assert(amax.dtype == tl.int32)
    scratch_2[...] = row_sums[...]

    def _fori_body_0(_j, _):
        nonlocal scratch_2
        offset_1 = 0 + _j * _BLOCK_SIZE_1
        indices_1 = offset_1 + jnp.arange(0, _BLOCK_SIZE_1, dtype=jnp.int32)
        offset_3 = _j * _BLOCK_SIZE_1 + jnp.arange(_BLOCK_SIZE_1)
        offset_1 = 0 + _j * _BLOCK_SIZE_1
        starts_copy = starts
        v_3 = scratch_2[...]
        starts_copy_0 = starts_copy
        v_3_0 = v_3
        # src[v2_2d_index.py:42]: base = starts[:, None] + tile_k.index[None, :]  # [tile_b, tile_k]
        subscript = starts_copy_0[:, None]
        subscript = tl.cast(subscript, tl.int32)
        tl.static_assert(subscript.dtype == tl.int32)
        subscript_1 = indices_1[None, :]
        subscript_1 = tl.cast(subscript_1, tl.int32)
        tl.static_assert(subscript_1.dtype == tl.int32)
        v_4 = subscript + subscript_1
        # src[v2_2d_index.py:44]: x_slice = x_data[base, :]  # expected shape [tile_b, tile_k, M]
        x_slice = jax.lax.dot_general(jax.nn.one_hot(v_4[...], x_data.shape[0], dtype=jnp.float32), x_data[...].astype(jnp.float32), (((jnp.ndim(v_4[...]),), (0,)), ((), ())), preferred_element_type=jnp.float32, precision=jax.lax.Precision.HIGHEST).astype(jnp.float32)
        x_slice = tl.cast(x_slice, tl.float32)
        tl.static_assert(x_slice.dtype == tl.float32)
        # src[v2_2d_index.py:45]: row_sums = row_sums + x_slice.sum(dim=1)
        sum_1 = lax.convert_element_type(jnp.sum(x_slice, axis=1), jnp.float32)
        sum_1 = tl.cast(sum_1, tl.float32)
        tl.static_assert(sum_1.dtype == tl.float32)
        v_5 = v_3_0 + sum_1
        # src[v2_2d_index.py:41]: for tile_k in hl.jagged_tile(nnz):
        # src[v2_2d_index.py:42]:     base = starts[:, None] + tile_k.index[None, :]  # [tile_b, tile_k]
        # src[v2_2d_index.py:43]:     # 2D index over axis 0, full slice over axis 1.
        # src[v2_2d_index.py:41-45]: ...
        scratch_2[...] = v_5[...]
    jax.lax.fori_loop(0, (amax - 0 + _BLOCK_SIZE_1 - 1) // _BLOCK_SIZE_1, _fori_body_0, None)
    row_sums = scratch_2[...]
    # src[v2_2d_index.py:47]: out[tile_b, :] = row_sums
    out[:, :] = row_sums

def jagged_sum_2d_index(x_data: torch.Tensor, x_offsets: torch.Tensor, *, _launcher=_default_pallas_fori_launcher):
    # src[v2_2d_index.py:29]: M = x_data.shape[1]
    M = x_data.shape[1]
    # src[v2_2d_index.py:30]: num_rows = x_offsets.size(0) - 1
    num_rows = x_offsets.size(0) - 1
    # src[v2_2d_index.py:31]: out = torch.zeros(
    # src[v2_2d_index.py:32]:     [num_rows, M], dtype=x_data.dtype, device=x_data.device
    # src[v2_2d_index.py:33]: )
    out = torch.zeros([num_rows, M], dtype=x_data.dtype, device=x_data.device)
    # src[v2_2d_index.py:35]: for tile_b in hl.tile(num_rows):
    _BLOCK_SIZE_0 = 16
    # src[v2_2d_index.py:35]: for tile_b in hl.tile(num_rows):
    # src[v2_2d_index.py:36]:     starts = x_offsets[tile_b]
    # src[v2_2d_index.py:37]:     ends = x_offsets[tile_b.index + 1]
    # src[v2_2d_index.py:35-47]: ...
    _launcher(_helion_jagged_sum_2d_index, ((16 + _BLOCK_SIZE_0 - 1) // _BLOCK_SIZE_0,), x_offsets, x_data, out, _output_indices=[2], _inplace_indices=[2], _block_spec_info=[((None,), (None,)), ((None, None), (None, None)), ((16, None), (None, None))], _ds_pad_dims=[(0, 0, 16, 0)], _scratch_shapes=[((16, 128), 'jnp.float32', 'vmem')])
    # src[v2_2d_index.py:48]: return out
    return out

def call():
    from torch._dynamo.testing import rand_strided
    # src[v2_2d_index.py:25]: def jagged_sum_2d_index(
    # src[v2_2d_index.py:26]:     x_data: torch.Tensor,
    # src[v2_2d_index.py:27]:     x_offsets: torch.Tensor,
    # src[v2_2d_index.py:25-48]: ...
    x_data = rand_strided(size=(2052, 128), stride=(128, 1), dtype=torch.float32, device='tpu:0')
    x_offsets = rand_strided(size=(17,), stride=(1,), dtype=torch.int32, device='tpu:0')
    jagged_sum_2d_index(x_data, x_offsets)
if __name__ == '__main__':
    call()
SIZE 'medium': COMPILE/RUN FAILED — full traceback:
Traceback (most recent call last):
  File "/home/ymu_google_com/helion/tmp/jagged_sum_pallas_experiment/variants/_common.py", line 117, in run_all_sizes
    out = kernel_fn(x_data, x_offsets)
          ^^^^^^^^^^^^^^^^^^^^^^^^^^^^
  File "/home/ymu_google_com/helion/helion/runtime/kernel.py", line 415, in __call__
    return self.bind(args)(*args)
           ^^^^^^^^^^^^^^^^^^^^^^
  File "/home/ymu_google_com/helion/helion/runtime/kernel.py", line 1188, in __call__
    return self._run(*args)
           ^^^^^^^^^^^^^^^^
  File "/tmp/torchinductor_ymu_google_com/ds/cdsiobxtthwa42ttpkxcnuysv222voimdzdmdz24jrslhyl6acbl.py", line 96, in jagged_sum_2d_index
    _launcher(_helion_jagged_sum_2d_index, ((16 + _BLOCK_SIZE_0 - 1) // _BLOCK_SIZE_0,), x_offsets, x_data, out, _output_indices=[2], _inplace_indices=[2], _block_spec_info=[((None,), (None,)), ((None, None), (None, None)), ((16, None), (None, None))], _ds_pad_dims=[(0, 0, 16, 0)], _scratch_shapes=[((16, 128), 'jnp.float32', 'vmem')])
  File "/home/ymu_google_com/helion/helion/runtime/__init__.py", line 1386, in default_pallas_fori_launcher
    return _pallas_invoke_and_return(
           ^^^^^^^^^^^^^^^^^^^^^^^^^^
  File "/home/ymu_google_com/helion/helion/runtime/__init__.py", line 787, in _pallas_invoke_and_return
    results = jax_callable(*input_tensors)  # type: ignore[operator]
              ^^^^^^^^^^^^^^^^^^^^^^^^^^^^
  File "/home/ymu_google_com/miniconda3/envs/tpu/lib/python3.12/site-packages/torch_tpu/_internal/pallas/pallas.py", line 514, in __call__
    lowered = self.exported(*jax_args, **kwargs)
              ^^^^^^^^^^^^^^^^^^^^^^^^^^^^^^^^^^
  File "/home/ymu_google_com/miniconda3/envs/tpu/lib/python3.12/site-packages/jax/_src/export/_export.py", line 645, in do_export
    traced = fun_jit.trace(*args_specs, **kwargs_specs)
             ^^^^^^^^^^^^^^^^^^^^^^^^^^^^^^^^^^^^^^^^^^
  File "/home/ymu_google_com/miniconda3/envs/tpu/lib/python3.12/site-packages/jax/_src/pallas/pallas_call.py", line 1531, in wrapped
    jaxpr, consts = _trace_kernel_to_jaxpr(
                    ^^^^^^^^^^^^^^^^^^^^^^^
  File "/home/ymu_google_com/miniconda3/envs/tpu/lib/python3.12/site-packages/jax/_src/pallas/pallas_call.py", line 1070, in _trace_kernel_to_jaxpr
    jaxpr, _, consts = pe.trace_to_jaxpr_dynamic(
                       ^^^^^^^^^^^^^^^^^^^^^^^^^^
  File "/home/ymu_google_com/miniconda3/envs/tpu/lib/python3.12/site-packages/jax/_src/pallas/primitives.py", line 652, in wrap_with_transforms
    return f(*new_args)
           ^^^^^^^^^^^^
  File "/home/ymu_google_com/helion/helion/runtime/__init__.py", line 643, in reordered_kernel
    pallas_kernel(*original_order, *extra_refs)  # type: ignore[operator]
    ^^^^^^^^^^^^^^^^^^^^^^^^^^^^^^^^^^^^^^^^^^^
  File "/tmp/torchinductor_ymu_google_com/ds/cdsiobxtthwa42ttpkxcnuysv222voimdzdmdz24jrslhyl6acbl.py", line 20, in _helion_jagged_sum_2d_index
    starts = tl.cast(starts, tl.int32)
             ^^
NameError: name 'tl' is not defined
--------------------
For simplicity, JAX has removed its internal frames from the traceback of the following exception. Set JAX_TRACEBACK_FILTERING=off to include these.
------------------------------------------------------------------------------
--- size 'large': {'B': 32, 'max_seqlen': 1024}
------------------------------------------------------------------------------
INPUT  x_data.shape=(17054, 128) dtype=torch.float32 device=tpu:0
INPUT  x_offsets.shape=(33,) dtype=torch.int32
INPUT  x_offsets head/tail = [0, 685, 1245, 1875, 2068, 2904, 3668, 4376, '...', 16137, 17054]
INPUT  L=nnz_total=17054; if backend allocates full-input VMEM scratch, that's ~8527.0 KiB (~8.33 MiB)
Using default config: @helion.kernel(config=helion.Config(block_sizes=[32, 32], pallas_loop_type='fori_loop', pallas_pre_broadcast=False), static_shapes=True)
# Output code written to: /tmp/torchinductor_ymu_google_com/qd/cqdjpk5t2koeoj64yiy7iswiiyodkiia3h2rcjeyuae6conyp23s.py
from __future__ import annotations

import torch
import jax
import jax.numpy as jnp
from jax.experimental import pallas as pl
import jax.lax as lax
from helion.runtime import default_pallas_fori_launcher as _default_pallas_fori_launcher

_BLOCK_SIZE_0 = int(32)
_BLOCK_SIZE_1 = int(32)

def _helion_jagged_sum_2d_index(x_offsets, x_data, out, scratch_2):
    # src[v2_2d_index.py:35]: for tile_b in hl.tile(num_rows):
    pid_0 = pl.program_id(0)
    offset_0 = pid_0 * _BLOCK_SIZE_0
    indices_0 = offset_0 + jnp.arange(0, _BLOCK_SIZE_0, dtype=jnp.int32)
    # src[v2_2d_index.py:36]: starts = x_offsets[tile_b]
    starts = x_offsets[pl.ds(offset_0, _BLOCK_SIZE_0)]
    starts = tl.cast(starts, tl.int32)
    tl.static_assert(starts.dtype == tl.int32)
    # src[v2_2d_index.py:37]: ends = x_offsets[tile_b.index + 1]
    v_0 = jnp.array(1, dtype=jnp.int32)
    v_1 = indices_0 + v_0
    ends = x_offsets[pl.ds(offset_0 + 1, _BLOCK_SIZE_0)]
    ends = tl.cast(ends, tl.int32)
    tl.static_assert(ends.dtype == tl.int32)
    # src[v2_2d_index.py:38]: nnz = ends - starts
    v_2 = ends - starts
    # src[v2_2d_index.py:40]: row_sums = hl.zeros([tile_b, M], dtype=x_data.dtype)
    row_sums = jnp.full([_BLOCK_SIZE_0, 128], 0.0, jnp.float32)
    row_sums = tl.cast(row_sums, tl.float32)
    tl.static_assert(row_sums.dtype == tl.float32)
    # src[v2_2d_index.py:41]: for tile_k in hl.jagged_tile(nnz):
    # src[v2_2d_index.py:42]:     base = starts[:, None] + tile_k.index[None, :]  # [tile_b, tile_k]
    # src[v2_2d_index.py:43]:     # 2D index over axis 0, full slice over axis 1.
    # src[v2_2d_index.py:41-45]: ...
    view = jnp.reshape(v_2, [_BLOCK_SIZE_0])
    amax = lax.convert_element_type(jnp.max(view, axis=0), jnp.int32)
    amax = tl.cast(amax, tl.int32)
    tl.static_assert(amax.dtype == tl.int32)
    scratch_2[...] = row_sums[...]

    def _fori_body_0(_j, _):
        nonlocal scratch_2
        offset_1 = 0 + _j * _BLOCK_SIZE_1
        indices_1 = offset_1 + jnp.arange(0, _BLOCK_SIZE_1, dtype=jnp.int32)
        offset_3 = _j * _BLOCK_SIZE_1 + jnp.arange(_BLOCK_SIZE_1)
        offset_1 = 0 + _j * _BLOCK_SIZE_1
        starts_copy = starts
        v_3 = scratch_2[...]
        starts_copy_0 = starts_copy
        v_3_0 = v_3
        # src[v2_2d_index.py:42]: base = starts[:, None] + tile_k.index[None, :]  # [tile_b, tile_k]
        subscript = starts_copy_0[:, None]
        subscript = tl.cast(subscript, tl.int32)
        tl.static_assert(subscript.dtype == tl.int32)
        subscript_1 = indices_1[None, :]
        subscript_1 = tl.cast(subscript_1, tl.int32)
        tl.static_assert(subscript_1.dtype == tl.int32)
        v_4 = subscript + subscript_1
        # src[v2_2d_index.py:44]: x_slice = x_data[base, :]  # expected shape [tile_b, tile_k, M]
        x_slice = jax.lax.dot_general(jax.nn.one_hot(v_4[...], x_data.shape[0], dtype=jnp.float32), x_data[...].astype(jnp.float32), (((jnp.ndim(v_4[...]),), (0,)), ((), ())), preferred_element_type=jnp.float32, precision=jax.lax.Precision.HIGHEST).astype(jnp.float32)
        x_slice = tl.cast(x_slice, tl.float32)
        tl.static_assert(x_slice.dtype == tl.float32)
        # src[v2_2d_index.py:45]: row_sums = row_sums + x_slice.sum(dim=1)
        sum_1 = lax.convert_element_type(jnp.sum(x_slice, axis=1), jnp.float32)
        sum_1 = tl.cast(sum_1, tl.float32)
        tl.static_assert(sum_1.dtype == tl.float32)
        v_5 = v_3_0 + sum_1
        # src[v2_2d_index.py:41]: for tile_k in hl.jagged_tile(nnz):
        # src[v2_2d_index.py:42]:     base = starts[:, None] + tile_k.index[None, :]  # [tile_b, tile_k]
        # src[v2_2d_index.py:43]:     # 2D index over axis 0, full slice over axis 1.
        # src[v2_2d_index.py:41-45]: ...
        scratch_2[...] = v_5[...]
    jax.lax.fori_loop(0, (amax - 0 + _BLOCK_SIZE_1 - 1) // _BLOCK_SIZE_1, _fori_body_0, None)
    row_sums = scratch_2[...]
    # src[v2_2d_index.py:47]: out[tile_b, :] = row_sums
    out[:, :] = row_sums

def jagged_sum_2d_index(x_data: torch.Tensor, x_offsets: torch.Tensor, *, _launcher=_default_pallas_fori_launcher):
    # src[v2_2d_index.py:29]: M = x_data.shape[1]
    M = x_data.shape[1]
    # src[v2_2d_index.py:30]: num_rows = x_offsets.size(0) - 1
    num_rows = x_offsets.size(0) - 1
    # src[v2_2d_index.py:31]: out = torch.zeros(
    # src[v2_2d_index.py:32]:     [num_rows, M], dtype=x_data.dtype, device=x_data.device
    # src[v2_2d_index.py:33]: )
    out = torch.zeros([num_rows, M], dtype=x_data.dtype, device=x_data.device)
    # src[v2_2d_index.py:35]: for tile_b in hl.tile(num_rows):
    _BLOCK_SIZE_0 = 32
    # src[v2_2d_index.py:35]: for tile_b in hl.tile(num_rows):
    # src[v2_2d_index.py:36]:     starts = x_offsets[tile_b]
    # src[v2_2d_index.py:37]:     ends = x_offsets[tile_b.index + 1]
    # src[v2_2d_index.py:35-47]: ...
    _launcher(_helion_jagged_sum_2d_index, ((32 + _BLOCK_SIZE_0 - 1) // _BLOCK_SIZE_0,), x_offsets, x_data, out, _output_indices=[2], _inplace_indices=[2], _block_spec_info=[((None,), (None,)), ((None, None), (None, None)), ((32, None), (None, None))], _ds_pad_dims=[(0, 0, 32, 0)], _scratch_shapes=[((32, 128), 'jnp.float32', 'vmem')])
    # src[v2_2d_index.py:48]: return out
    return out

def call():
    from torch._dynamo.testing import rand_strided
    # src[v2_2d_index.py:25]: def jagged_sum_2d_index(
    # src[v2_2d_index.py:26]:     x_data: torch.Tensor,
    # src[v2_2d_index.py:27]:     x_offsets: torch.Tensor,
    # src[v2_2d_index.py:25-48]: ...
    x_data = rand_strided(size=(17054, 128), stride=(128, 1), dtype=torch.float32, device='tpu:0')
    x_offsets = rand_strided(size=(33,), stride=(1,), dtype=torch.int32, device='tpu:0')
    jagged_sum_2d_index(x_data, x_offsets)
if __name__ == '__main__':
    call()
SIZE 'large': COMPILE/RUN FAILED — full traceback:
Traceback (most recent call last):
  File "/home/ymu_google_com/helion/tmp/jagged_sum_pallas_experiment/variants/_common.py", line 117, in run_all_sizes
    out = kernel_fn(x_data, x_offsets)
          ^^^^^^^^^^^^^^^^^^^^^^^^^^^^
  File "/home/ymu_google_com/helion/helion/runtime/kernel.py", line 415, in __call__
    return self.bind(args)(*args)
           ^^^^^^^^^^^^^^^^^^^^^^
  File "/home/ymu_google_com/helion/helion/runtime/kernel.py", line 1188, in __call__
    return self._run(*args)
           ^^^^^^^^^^^^^^^^
  File "/tmp/torchinductor_ymu_google_com/qd/cqdjpk5t2koeoj64yiy7iswiiyodkiia3h2rcjeyuae6conyp23s.py", line 96, in jagged_sum_2d_index
    _launcher(_helion_jagged_sum_2d_index, ((32 + _BLOCK_SIZE_0 - 1) // _BLOCK_SIZE_0,), x_offsets, x_data, out, _output_indices=[2], _inplace_indices=[2], _block_spec_info=[((None,), (None,)), ((None, None), (None, None)), ((32, None), (None, None))], _ds_pad_dims=[(0, 0, 32, 0)], _scratch_shapes=[((32, 128), 'jnp.float32', 'vmem')])
  File "/home/ymu_google_com/helion/helion/runtime/__init__.py", line 1386, in default_pallas_fori_launcher
    return _pallas_invoke_and_return(
           ^^^^^^^^^^^^^^^^^^^^^^^^^^
  File "/home/ymu_google_com/helion/helion/runtime/__init__.py", line 787, in _pallas_invoke_and_return
    results = jax_callable(*input_tensors)  # type: ignore[operator]
              ^^^^^^^^^^^^^^^^^^^^^^^^^^^^
  File "/home/ymu_google_com/miniconda3/envs/tpu/lib/python3.12/site-packages/torch_tpu/_internal/pallas/pallas.py", line 514, in __call__
    lowered = self.exported(*jax_args, **kwargs)
              ^^^^^^^^^^^^^^^^^^^^^^^^^^^^^^^^^^
  File "/home/ymu_google_com/miniconda3/envs/tpu/lib/python3.12/site-packages/jax/_src/export/_export.py", line 645, in do_export
    traced = fun_jit.trace(*args_specs, **kwargs_specs)
             ^^^^^^^^^^^^^^^^^^^^^^^^^^^^^^^^^^^^^^^^^^
  File "/home/ymu_google_com/miniconda3/envs/tpu/lib/python3.12/site-packages/jax/_src/pallas/pallas_call.py", line 1531, in wrapped
    jaxpr, consts = _trace_kernel_to_jaxpr(
                    ^^^^^^^^^^^^^^^^^^^^^^^
  File "/home/ymu_google_com/miniconda3/envs/tpu/lib/python3.12/site-packages/jax/_src/pallas/pallas_call.py", line 1070, in _trace_kernel_to_jaxpr
    jaxpr, _, consts = pe.trace_to_jaxpr_dynamic(
                       ^^^^^^^^^^^^^^^^^^^^^^^^^^
  File "/home/ymu_google_com/miniconda3/envs/tpu/lib/python3.12/site-packages/jax/_src/pallas/primitives.py", line 652, in wrap_with_transforms
    return f(*new_args)
           ^^^^^^^^^^^^
  File "/home/ymu_google_com/helion/helion/runtime/__init__.py", line 643, in reordered_kernel
    pallas_kernel(*original_order, *extra_refs)  # type: ignore[operator]
    ^^^^^^^^^^^^^^^^^^^^^^^^^^^^^^^^^^^^^^^^^^^
  File "/tmp/torchinductor_ymu_google_com/qd/cqdjpk5t2koeoj64yiy7iswiiyodkiia3h2rcjeyuae6conyp23s.py", line 20, in _helion_jagged_sum_2d_index
    starts = tl.cast(starts, tl.int32)
             ^^
NameError: name 'tl' is not defined
--------------------
For simplicity, JAX has removed its internal frames from the traceback of the following exception. Set JAX_TRACEBACK_FILTERING=off to include these.
------------------------------------------------------------------------------
--- size 'huge': {'B': 64, 'max_seqlen': 4096}
------------------------------------------------------------------------------
INPUT  x_data.shape=(140210, 128) dtype=torch.float32 device=tpu:0
INPUT  x_offsets.shape=(65,) dtype=torch.int32
INPUT  x_offsets head/tail = [0, 2733, 5341, 6995, 10260, 11096, 11860, 13592, '...', 137279, 140210]
INPUT  L=nnz_total=140210; if backend allocates full-input VMEM scratch, that's ~70105.0 KiB (~68.46 MiB)
Using default config: @helion.kernel(config=helion.Config(block_sizes=[64, 32], pallas_loop_type='fori_loop', pallas_pre_broadcast=False), static_shapes=True)
WARNING:helion.runtime.kernel:Helion compiler triton codegen error for @helion.kernel(config=helion.Config(block_sizes=[64, 32], pallas_loop_type='fori_loop', pallas_pre_broadcast=False), static_shapes=True)
Traceback (most recent call last):
  File "/home/ymu_google_com/helion/helion/runtime/kernel.py", line 792, in compile_config
    triton_code = self.to_triton_code(
                  ^^^^^^^^^^^^^^^^^^^^
  File "/home/ymu_google_com/helion/helion/runtime/kernel.py", line 752, in to_triton_code
    return self.to_code(
           ^^^^^^^^^^^^^
  File "/home/ymu_google_com/helion/helion/runtime/kernel.py", line 718, in to_code
    root = generate_ast(self.host_function, config, emit_repro_caller)
           ^^^^^^^^^^^^^^^^^^^^^^^^^^^^^^^^^^^^^^^^^^^^^^^^^^^^^^^^^^^
  File "/home/ymu_google_com/helion/helion/_compiler/generate_ast.py", line 862, in generate_ast
    CompileEnvironment.current().backend.pre_codegen(
  File "/home/ymu_google_com/helion/helion/_compiler/backend.py", line 1961, in pre_codegen
    plan_tiling(graphs, config, tile_strategy)
  File "/home/ymu_google_com/helion/helion/_compiler/pallas/plan_tiling.py", line 98, in plan_tiling
    _analyze_indexing_expressions(graph_info, config)
  File "/home/ymu_google_com/helion/helion/_compiler/pallas/plan_tiling.py", line 110, in _analyze_indexing_expressions
    _analyze_indexing(node, config)
  File "/home/ymu_google_com/helion/helion/_compiler/pallas/plan_tiling.py", line 135, in _analyze_indexing
    _resolve_tensor_index_patterns(
  File "/home/ymu_google_com/helion/helion/_compiler/pallas/plan_tiling.py", line 405, in _resolve_tensor_index_patterns
    plan = build_gather_plan(tensor, subscript, positions, patterns, config)
           ^^^^^^^^^^^^^^^^^^^^^^^^^^^^^^^^^^^^^^^^^^^^^^^^^^^^^^^^^^^^^^^^^
  File "/home/ymu_google_com/helion/helion/_compiler/pallas/gather.py", line 70, in build_gather_plan
    raise NotImplementedError(
NotImplementedError: Pallas gather: resident block is 71787520 bytes, exceeds the 16777216 byte VMEM threshold. The current codegen requires the full gather axis in VMEM; reduce V, tile the broadcast dims, or use a half-precision dtype.
SIZE 'huge': COMPILE/RUN FAILED — full traceback:
Traceback (most recent call last):
  File "/home/ymu_google_com/helion/tmp/jagged_sum_pallas_experiment/variants/_common.py", line 117, in run_all_sizes
    out = kernel_fn(x_data, x_offsets)
          ^^^^^^^^^^^^^^^^^^^^^^^^^^^^
  File "/home/ymu_google_com/helion/helion/runtime/kernel.py", line 415, in __call__
    return self.bind(args)(*args)
           ^^^^^^^^^^^^^^^^^^^^^^
  File "/home/ymu_google_com/helion/helion/runtime/kernel.py", line 1184, in __call__
    self.ensure_config_exists(args)
  File "/home/ymu_google_com/helion/helion/runtime/kernel.py", line 1149, in ensure_config_exists
    self.set_config(config)
  File "/home/ymu_google_com/helion/helion/runtime/kernel.py", line 971, in set_config
    self._run = self.compile_config(config)
                ^^^^^^^^^^^^^^^^^^^^^^^^^^^
  File "/home/ymu_google_com/helion/helion/runtime/kernel.py", line 792, in compile_config
    triton_code = self.to_triton_code(
                  ^^^^^^^^^^^^^^^^^^^^
  File "/home/ymu_google_com/helion/helion/runtime/kernel.py", line 752, in to_triton_code
    return self.to_code(
           ^^^^^^^^^^^^^
  File "/home/ymu_google_com/helion/helion/runtime/kernel.py", line 718, in to_code
    root = generate_ast(self.host_function, config, emit_repro_caller)
           ^^^^^^^^^^^^^^^^^^^^^^^^^^^^^^^^^^^^^^^^^^^^^^^^^^^^^^^^^^^
  File "/home/ymu_google_com/helion/helion/_compiler/generate_ast.py", line 862, in generate_ast
    CompileEnvironment.current().backend.pre_codegen(
  File "/home/ymu_google_com/helion/helion/_compiler/backend.py", line 1961, in pre_codegen
    plan_tiling(graphs, config, tile_strategy)
  File "/home/ymu_google_com/helion/helion/_compiler/pallas/plan_tiling.py", line 98, in plan_tiling
    _analyze_indexing_expressions(graph_info, config)
  File "/home/ymu_google_com/helion/helion/_compiler/pallas/plan_tiling.py", line 110, in _analyze_indexing_expressions
    _analyze_indexing(node, config)
  File "/home/ymu_google_com/helion/helion/_compiler/pallas/plan_tiling.py", line 135, in _analyze_indexing
    _resolve_tensor_index_patterns(
  File "/home/ymu_google_com/helion/helion/_compiler/pallas/plan_tiling.py", line 405, in _resolve_tensor_index_patterns
    plan = build_gather_plan(tensor, subscript, positions, patterns, config)
           ^^^^^^^^^^^^^^^^^^^^^^^^^^^^^^^^^^^^^^^^^^^^^^^^^^^^^^^^^^^^^^^^^
  File "/home/ymu_google_com/helion/helion/_compiler/pallas/gather.py", line 70, in build_gather_plan
    raise NotImplementedError(
NotImplementedError: Pallas gather: resident block is 71787520 bytes, exceeds the 16777216 byte VMEM threshold. The current codegen requires the full gather axis in VMEM; reduce V, tile the broadcast dims, or use a half-precision dtype.
I0000 00:00:1779829680.927359 1863277 compilation_cache.cc:354] Compilation cache evicted.
I0000 00:00:1779829680.927389 1863277 compilation_cache.cc:219] CompilationCache final stats: num_cache_reqs=108
num_cache_hits=81 {75.0%}
peak_compilation_memory_bytes=unknown

----- END VARIANT v2_2d_index (exit=1) -----
