+ HELION_BACKEND=pallas
+ HELION_PRINT_OUTPUT_CODE=1
+ HELION_LOGS=+pallas
+ python /home/ymu_google_com/helion/tmp/jagged_sum_pallas_experiment/variants/v3_slab_grid.py
----- BEGIN VARIANT v3_slab_grid -----
WARNING: All log messages before absl::InitializeLog() is called are written to STDERR
I0000 00:00:1779828545.686689 1855361 pjrt_api.cc:96] PJRT_Api is set for device type cpu
I0000 00:00:1779828545.710976 1855361 pjrt_api.cc:118] GetPjrtApi was found for TPU at /home/ymu_google_com/miniconda3/envs/tpu/lib/python3.12/site-packages/libtpu/libtpu.so
I0000 00:00:1779828545.711008 1855361 pjrt_api.cc:96] PJRT_Api is set for device type tpu
I0000 00:00:1779828545.733226 1855361 device_rt.cc:97] PjRt runtime initialization deferred for tpu
Successfully renamed PrivateUse1 backend to 'tpu'. Device: device(type='tpu')
Registered Python module for 'tpu'.
Device type: tpu, Device index: default
Initializing TPU distributed runtime
==============================================================================
=== V3 — hl.grid + direct slab slice x_data[start:end, :]
==============================================================================
I0000 00:00:1779828546.743312 1855361 pjrt_api.cc:167] The PJRT plugin has PJRT API version 0.108. The framework PJRT API version is 0.104.
I0000 00:00:1779828549.083950 1855361 pjrt_c_api_client.cc:197] PjRtCApiClient created.
W0000 00:00:1779828549.083989 1855361 pjrt_state.cc:230] Only using 1 device out of all the 8 addressable devices.
I0000 00:00:1779828549.117435 1856144 tier2_compilation_cache.cc:149] Tier-2 compilation cache is disabled for world size 1.
I0000 00:00:1779828549.117462 1856144 tier3_compilation_cache.cc:65] Backup compilation for tier-3 cache read is disabled as tier-3 cache is disabled.
INPUT  x_data.shape=(256, 128) dtype=torch.float32 device=tpu:0
INPUT  x_offsets.shape=(9,) dtype=torch.int64 value=[0, 45, 93, 147, 148, 152, 212, 216, 256]
INPUT  per-batch nnz = [45, 48, 54, 1, 4, 60, 4, 40]
/home/ymu_google_com/helion/helion/_compiler/compile_environment.py:238: UserWarning: The 'pallas' backend is experimental and may have limited functionality.
  warn_once(
COMPILE/RUN FAILED — full traceback:
Traceback (most recent call last):
  File "/home/ymu_google_com/helion/helion/_compiler/type_propagation.py", line 1876, in visit
    type_info = visitor(node)
                ^^^^^^^^^^^^^
  File "/home/ymu_google_com/helion/helion/_compiler/type_propagation.py", line 2363, in visit_Subscript
    return value_type.propagate_getitem(slice_type, self.origin())
           ^^^^^^^^^^^^^^^^^^^^^^^^^^^^^^^^^^^^^^^^^^^^^^^^^^^^^^^
  File "/home/ymu_google_com/helion/helion/_compiler/type_propagation.py", line 599, in propagate_getitem
    new_sizes = self._device_indexing_size(key)
                ^^^^^^^^^^^^^^^^^^^^^^^^^^^^^^^
  File "/home/ymu_google_com/helion/helion/_compiler/type_propagation.py", line 494, in _device_indexing_size
    elif output_size != 1:
         ^^^^^^^^^^^^^^^^
  File "/home/ymu_google_com/pytorch/torch/utils/_device.py", line 122, in __torch_function__
    return func(*args, **kwargs)
           ^^^^^^^^^^^^^^^^^^^^^
  File "/home/ymu_google_com/pytorch/torch/fx/experimental/sym_node.py", line 576, in guard_bool
    r = self.evaluate()
        ^^^^^^^^^^^^^^^
  File "/home/ymu_google_com/pytorch/torch/fx/experimental/sym_node.py", line 550, in evaluate
    return self.shape_env.evaluate_sym_node(self, size_oblivious)
           ^^^^^^^^^^^^^^^^^^^^^^^^^^^^^^^^^^^^^^^^^^^^^^^^^^^^^^
  File "/home/ymu_google_com/pytorch/torch/fx/experimental/symbolic_shapes.py", line 8053, in evaluate_sym_node
    return self.evaluate_expr(
           ^^^^^^^^^^^^^^^^^^^
  File "/home/ymu_google_com/pytorch/torch/fx/experimental/symbolic_shapes.py", line 8149, in evaluate_expr
    return self._inner_evaluate_expr(
           ^^^^^^^^^^^^^^^^^^^^^^^^^^
  File "/home/ymu_google_com/pytorch/torch/fx/experimental/recording.py", line 297, in wrapper
    return retlog(fn(*args, **kwargs))
                  ^^^^^^^^^^^^^^^^^^^
  File "/home/ymu_google_com/pytorch/torch/fx/experimental/symbolic_shapes.py", line 8172, in _inner_evaluate_expr
    return self._evaluate_expr(
           ^^^^^^^^^^^^^^^^^^^^
  File "/home/ymu_google_com/pytorch/torch/fx/experimental/symbolic_shapes.py", line 8405, in _evaluate_expr
    raise self._make_data_dependent_error(
torch.fx.experimental.symbolic_shapes.GuardOnDataDependentSymNode: Could not guard on data-dependent expression Eq(u2, 1) (unhinted: Eq(u2, 1)).  (Size-like symbols: none)

consider using data-dependent friendly APIs such as guard_or_false, guard_or_true and statically_known_true.
Caused by: (utils/_device.py:122 in __torch_function__)
For more information, run with TORCH_LOGS="dynamic"
For extended logs when we create symbols, also add TORCHDYNAMO_EXTENDED_DEBUG_CREATE_SYMBOL="u2"
If you suspect the guard was triggered from C++, add TORCHDYNAMO_EXTENDED_DEBUG_CPP=1
For more debugging help, see https://docs.google.com/document/d/1HSuTTVvYH1pTew89Rtpeu84Ht3nQEFTYhAX3Ypa_xJs/edit?usp=sharing

For C++ stack trace, run with TORCHDYNAMO_EXTENDED_DEBUG_CPP=1

The above exception was the direct cause of the following exception:

Traceback (most recent call last):
  File "/home/ymu_google_com/helion/tmp/jagged_sum_pallas_experiment/variants/v3_slab_grid.py", line 54, in main
    out = jagged_sum_slab(x_data, x_offsets)
          ^^^^^^^^^^^^^^^^^^^^^^^^^^^^^^^^^^
  File "/home/ymu_google_com/helion/helion/runtime/kernel.py", line 415, in __call__
    return self.bind(args)(*args)
           ^^^^^^^^^^^^^^^
  File "/home/ymu_google_com/helion/helion/runtime/kernel.py", line 283, in bind
    bound_kernel = BoundKernel(self, args)
                   ^^^^^^^^^^^^^^^^^^^^^^^
  File "/home/ymu_google_com/helion/helion/runtime/kernel.py", line 497, in __init__
    self.host_function: HostFunction = compiler.compile(
                                       ^^^^^^^^^^^^^^^^^
  File "/home/ymu_google_com/helion/helion/_compiler/kernel_compiler.py", line 75, in compile
    self.propagate_types(hf)
  File "/home/ymu_google_com/helion/helion/_compiler/kernel_compiler.py", line 128, in propagate_types
    propagate_types(hf)
  File "/home/ymu_google_com/helion/helion/_compiler/type_propagation.py", line 2787, in propagate_types
    prop.visit(stmt)
  File "/home/ymu_google_com/helion/helion/_compiler/type_propagation.py", line 1876, in visit
    type_info = visitor(node)
                ^^^^^^^^^^^^^
  File "/home/ymu_google_com/helion/helion/_compiler/type_propagation.py", line 2539, in visit_For
    body = self._loop_body(node.body)
           ^^^^^^^^^^^^^^^^^^^^^^^^^^
  File "/home/ymu_google_com/helion/helion/_compiler/type_propagation.py", line 2494, in _loop_body
    self.visit(stmt)
  File "/home/ymu_google_com/helion/helion/_compiler/type_propagation.py", line 1876, in visit
    type_info = visitor(node)
                ^^^^^^^^^^^^^
  File "/home/ymu_google_com/helion/helion/_compiler/type_propagation.py", line 2392, in visit_Assign
    type_info = self.visit(node.value)
                ^^^^^^^^^^^^^^^^^^^^^^
  File "/home/ymu_google_com/helion/helion/_compiler/type_propagation.py", line 1884, in visit
    raise exc.InternalError(e) from e
helion.exc.InternalError: GuardOnDataDependentSymNode: Could not guard on data-dependent expression Eq(u2, 1) (unhinted: Eq(u2, 1)).  (Size-like symbols: none)

consider using data-dependent friendly APIs such as guard_or_false, guard_or_true and statically_known_true.
Caused by: (utils/_device.py:122 in __torch_function__)
For more information, run with TORCH_LOGS="dynamic"
For extended logs when we create symbols, also add TORCHDYNAMO_EXTENDED_DEBUG_CREATE_SYMBOL="u2"
If you suspect the guard was triggered from C++, add TORCHDYNAMO_EXTENDED_DEBUG_CPP=1
For more debugging help, see https://docs.google.com/document/d/1HSuTTVvYH1pTew89Rtpeu84Ht3nQEFTYhAX3Ypa_xJs/edit?usp=sharing

For C++ stack trace, run with TORCHDYNAMO_EXTENDED_DEBUG_CPP=1
While processing:
  File "/home/ymu_google_com/helion/tmp/jagged_sum_pallas_experiment/variants/v3_slab_grid.py", line 43, in jagged_sum_slab
    x_slab = x_data[start:end, :]
             ^^^^^^^^^^^^^^^^^^^^

I0000 00:00:1779828550.388182 1855361 compilation_cache.cc:354] Compilation cache evicted.
I0000 00:00:1779828550.388203 1855361 compilation_cache.cc:219] CompilationCache final stats: num_cache_reqs=42
num_cache_hits=29 {69.0%}
peak_compilation_memory_bytes=unknown

----- END VARIANT v3_slab_grid (exit=1) -----
