+ HELION_BACKEND=pallas
+ HELION_PRINT_OUTPUT_CODE=1
+ HELION_LOGS=+pallas
+ python /home/ymu_google_com/helion/tmp/jagged_sum_pallas_experiment/variants/v4_grid_jagged_tile.py
----- BEGIN VARIANT v4_grid_jagged_tile -----
WARNING: All log messages before absl::InitializeLog() is called are written to STDERR
I0000 00:00:1779828555.053545 1856989 pjrt_api.cc:96] PJRT_Api is set for device type cpu
I0000 00:00:1779828555.077725 1856989 pjrt_api.cc:118] GetPjrtApi was found for TPU at /home/ymu_google_com/miniconda3/envs/tpu/lib/python3.12/site-packages/libtpu/libtpu.so
I0000 00:00:1779828555.077758 1856989 pjrt_api.cc:96] PJRT_Api is set for device type tpu
I0000 00:00:1779828555.099902 1856989 device_rt.cc:97] PjRt runtime initialization deferred for tpu
Successfully renamed PrivateUse1 backend to 'tpu'. Device: device(type='tpu')
Registered Python module for 'tpu'.
Device type: tpu, Device index: default
Initializing TPU distributed runtime
==============================================================================
=== V4 — hl.grid (outer per-batch) + hl.jagged_tile (inner)
==============================================================================
I0000 00:00:1779828556.108957 1856989 pjrt_api.cc:167] The PJRT plugin has PJRT API version 0.108. The framework PJRT API version is 0.104.
I0000 00:00:1779828558.377303 1856989 pjrt_c_api_client.cc:197] PjRtCApiClient created.
W0000 00:00:1779828558.377342 1856989 pjrt_state.cc:230] Only using 1 device out of all the 8 addressable devices.
I0000 00:00:1779828558.408778 1857772 tier2_compilation_cache.cc:149] Tier-2 compilation cache is disabled for world size 1.
I0000 00:00:1779828558.408805 1857772 tier3_compilation_cache.cc:65] Backup compilation for tier-3 cache read is disabled as tier-3 cache is disabled.
INPUT  x_data.shape=(256, 128) dtype=torch.float32 device=tpu:0
INPUT  x_offsets.shape=(9,) dtype=torch.int64 value=[0, 45, 93, 147, 148, 152, 212, 216, 256]
INPUT  per-batch nnz = [45, 48, 54, 1, 4, 60, 4, 40]
/home/ymu_google_com/helion/helion/_compiler/compile_environment.py:238: UserWarning: The 'pallas' backend is experimental and may have limited functionality.
  warn_once(
COMPILE/RUN FAILED — full traceback:
Traceback (most recent call last):
  File "/home/ymu_google_com/helion/tmp/jagged_sum_pallas_experiment/variants/v4_grid_jagged_tile.py", line 58, in main
    out = jagged_sum_grid_jagged(x_data, x_offsets)
          ^^^^^^^^^^^^^^^^^^^^^^^^^^^^^^^^^^^^^^^^^
  File "/home/ymu_google_com/helion/helion/runtime/kernel.py", line 415, in __call__
    return self.bind(args)(*args)
           ^^^^^^^^^^^^^^^
  File "/home/ymu_google_com/helion/helion/runtime/kernel.py", line 283, in bind
    bound_kernel = BoundKernel(self, args)
                   ^^^^^^^^^^^^^^^^^^^^^^^
  File "/home/ymu_google_com/helion/helion/runtime/kernel.py", line 497, in __init__
    self.host_function: HostFunction = compiler.compile(
                                       ^^^^^^^^^^^^^^^^^
  File "/home/ymu_google_com/helion/helion/_compiler/kernel_compiler.py", line 75, in compile
    self.propagate_types(hf)
  File "/home/ymu_google_com/helion/helion/_compiler/kernel_compiler.py", line 128, in propagate_types
    propagate_types(hf)
  File "/home/ymu_google_com/helion/helion/_compiler/type_propagation.py", line 2787, in propagate_types
    prop.visit(stmt)
  File "/home/ymu_google_com/helion/helion/_compiler/type_propagation.py", line 1876, in visit
    type_info = visitor(node)
                ^^^^^^^^^^^^^
  File "/home/ymu_google_com/helion/helion/_compiler/type_propagation.py", line 2539, in visit_For
    body = self._loop_body(node.body)
           ^^^^^^^^^^^^^^^^^^^^^^^^^^
  File "/home/ymu_google_com/helion/helion/_compiler/type_propagation.py", line 2494, in _loop_body
    self.visit(stmt)
  File "/home/ymu_google_com/helion/helion/_compiler/type_propagation.py", line 1876, in visit
    type_info = visitor(node)
                ^^^^^^^^^^^^^
  File "/home/ymu_google_com/helion/helion/_compiler/type_propagation.py", line 2503, in visit_For
    iter_type = self.visit(node.iter)
                ^^^^^^^^^^^^^^^^^^^^^
  File "/home/ymu_google_com/helion/helion/_compiler/type_propagation.py", line 1876, in visit
    type_info = visitor(node)
                ^^^^^^^^^^^^^
  File "/home/ymu_google_com/helion/helion/_compiler/type_propagation.py", line 2334, in visit_Call
    return func.propagate_call(tuple(args), kwargs, self.origin())
           ^^^^^^^^^^^^^^^^^^^^^^^^^^^^^^^^^^^^^^^^^^^^^^^^^^^^^^^
  File "/home/ymu_google_com/helion/helion/_compiler/type_propagation.py", line 856, in propagate_call
    return fn._type_function(*args, **kwargs, origin=origin)
           ^^^^^^^^^^^^^^^^^^^^^^^^^^^^^^^^^^^^^^^^^^^^^^^^^
  File "/home/ymu_google_com/helion/helion/language/loops.py", line 734, in _
    raise exc.InvalidJaggedTileUsage(
helion.exc.InvalidJaggedTileUsage: Invalid usage of hl.jagged_tile: hl.jagged_tile only accepts a tensor with rank >= 1 as an argument
While processing:
  File "/home/ymu_google_com/helion/tmp/jagged_sum_pallas_experiment/variants/v4_grid_jagged_tile.py", line 44, in jagged_sum_grid_jagged
    for tile_k in hl.jagged_tile(nnz):
                  ^^^^^^^^^^^^^^^^^^^

I0000 00:00:1779828559.683179 1856989 compilation_cache.cc:354] Compilation cache evicted.
I0000 00:00:1779828559.683201 1856989 compilation_cache.cc:219] CompilationCache final stats: num_cache_reqs=42
num_cache_hits=29 {69.0%}
peak_compilation_memory_bytes=unknown

----- END VARIANT v4_grid_jagged_tile (exit=1) -----
