+ HELION_BACKEND=pallas
+ HELION_PRINT_OUTPUT_CODE=1
+ HELION_AUTOTUNE_EFFORT=none
+ HELION_LOGS=+pallas
+ PYTHONPATH=/home/ymu_google_com/helion
+ python diagnose.py
----- BEGIN -----
WARNING: All log messages before absl::InitializeLog() is called are written to STDERR
I0000 00:00:1779839660.988220 2006362 pjrt_api.cc:96] PJRT_Api is set for device type cpu
I0000 00:00:1779839661.012316 2006362 pjrt_api.cc:118] GetPjrtApi was found for TPU at /home/ymu_google_com/miniconda3/envs/tpu/lib/python3.12/site-packages/libtpu/libtpu.so
I0000 00:00:1779839661.012354 2006362 pjrt_api.cc:96] PJRT_Api is set for device type tpu
I0000 00:00:1779839661.034436 2006362 device_rt.cc:97] PjRt runtime initialization deferred for tpu
Successfully renamed PrivateUse1 backend to 'tpu'. Device: device(type='tpu')
Registered Python module for 'tpu'.
Device type: tpu, Device index: default
Initializing TPU distributed runtime
jax 0.9.2
jax devices: [TpuDevice(id=0, process_index=0, coords=(0,0,0), core_on_chip=0), TpuDevice(id=1, process_index=0, coords=(0,0,0), core_on_chip=1), TpuDevice(id=2, process_index=0, coords=(1,0,0), core_on_chip=0), TpuDevice(id=3, process_index=0, coords=(1,0,0), core_on_chip=1), TpuDevice(id=4, process_index=0, coords=(0,1,0), core_on_chip=0), TpuDevice(id=5, process_index=0, coords=(0,1,0), core_on_chip=1), TpuDevice(id=6, process_index=0, coords=(1,1,0), core_on_chip=0), TpuDevice(id=7, process_index=0, coords=(1,1,0), core_on_chip=1)]
torch device (DEVICE): tpu

==============================================================================
=== variant='emit_pipeline' seed=0
==============================================================================
I0000 00:00:1779839664.514650 2006362 pjrt_api.cc:167] The PJRT plugin has PJRT API version 0.108. The framework PJRT API version is 0.104.
I0000 00:00:1779839664.515300 2006362 pjrt_c_api_client.cc:197] PjRtCApiClient created.
W0000 00:00:1779839664.515321 2006362 pjrt_state.cc:230] Only using 1 device out of all the 8 addressable devices.
I0000 00:00:1779839664.547197 2007619 tier2_compilation_cache.cc:149] Tier-2 compilation cache is disabled for world size 1.
I0000 00:00:1779839664.547227 2007619 tier3_compilation_cache.cc:65] Backup compilation for tier-3 cache read is disabled as tier-3 cache is disabled.
INPUT  x_padded.shape=(1024, 128)  L_nnz=256
INPUT  offsets=[0, 45, 93, 147, 148, 152, 212, 216, 256]
INPUT  seq_lengths=[45, 48, 54, 1, 4, 60, 4, 40]
/home/ymu_google_com/helion/helion/_compiler/compile_environment.py:238: UserWarning: The 'pallas' backend is experimental and may have limited functionality.
  warn_once(
# Output code written to: /tmp/torchinductor_ymu_google_com/h2/ch2sl7szbpqabaocgv5f52pgv43qi3mque6q77gpdyksvehjq56k.py
from __future__ import annotations

import torch
import jax.numpy as jnp
from jax.experimental import pallas as pl
import jax.lax as lax
from jax.experimental.pallas import tpu as pltpu
from helion.runtime import default_pallas_pipeline_launcher as _default_pallas_pipeline_launcher

_BLOCK_SIZE_0 = int(32)
_BLOCK_SIZE_1 = int(128)
_BLOCK_SIZE_2 = int(1)

def _helion_kernel_emit_pipeline(x_data, x_offsets, out):
    # src[kernel_variants.py:33]: for tile_l in hl.tile(L):
    pid_0 = pl.program_id(0)
    offset_0 = pid_0 * _BLOCK_SIZE_0
    indices_0 = offset_0 + jnp.arange(0, _BLOCK_SIZE_0, dtype=jnp.int32)
    # src[kernel_variants.py:36]: for tile_m in hl.tile(M):
    # src[kernel_variants.py:37]:     chunk = x_data[tile_l, tile_m]
    # src[kernel_variants.py:38]:     for item_idx in range(N):
    # src[kernel_variants.py:36-45]: ...
    _outer_pid_0 = pl.program_id(0)

    def _pipeline_body(_pipeline_indices, x_data_vmem):
        offset_1 = 0 + _pipeline_indices[0] * _BLOCK_SIZE_1
        indices_0_copy = indices_0
        indices_0_copy_0 = indices_0_copy
        # src[kernel_variants.py:37]: chunk = x_data[tile_l, tile_m]
        chunk = x_data_vmem[:, :]
        # src[kernel_variants.py:38]: for item_idx in range(N):
        # src[kernel_variants.py:39]:     it_start = x_offsets[item_idx]
        # src[kernel_variants.py:40]:     it_end = x_offsets[item_idx + 1]
        # src[kernel_variants.py:38-45]: ...
        _outer_pid_0 = pl.program_id(0)

        def _pipeline_body_1(_pipeline_indices):
            offset_2 = 0 + _pipeline_indices[0] * _BLOCK_SIZE_2
            offset_2 = 0 + _pipeline_indices[0] * _BLOCK_SIZE_2
            indices_0_copy_0_copy = indices_0_copy_0
            chunk_copy = chunk
            indices_0_copy_0_copy_0 = indices_0_copy_0_copy
            chunk_copy_0 = chunk_copy
            # src[kernel_variants.py:39]: it_start = x_offsets[item_idx]
            it_start = x_offsets[offset_2]
            # src[kernel_variants.py:40]: it_end = x_offsets[item_idx + 1]
            add = 1 + offset_2
            it_end = x_offsets[add]
            # src[kernel_variants.py:41]: global_row = l_start + hl.arange(block_L)
            add_1 = 1 + _BLOCK_SIZE_0
            iota = jnp.arange(0, _BLOCK_SIZE_0, dtype=jnp.int32)
            v_0 = indices_0_copy_0_copy_0 + iota
            # src[kernel_variants.py:42]: mask = (global_row >= it_start) & (global_row < it_end)
            v_1 = v_0 >= it_start
            v_2 = v_0 < it_end
            v_3 = jnp.bitwise_and(v_1, v_2)
            # src[kernel_variants.py:43]: safe_chunk = (mask * 1.0)[:, None] * chunk
            v_4 = lax.convert_element_type(v_3, jnp.float32)
            v_5 = jnp.array(1.0, dtype=jnp.float32)
            v_6 = v_4 * v_5
            subscript = v_6[:, None]
            v_7 = subscript * chunk_copy_0
            # src[kernel_variants.py:44]: partial = safe_chunk.sum(dim=0)
            partial = lax.convert_element_type(jnp.sum(v_7, axis=0), jnp.float32)
            # src[kernel_variants.py:45]: out[item_idx, tile_m] += partial
            load_2 = out[offset_2, pl.ds(pl.multiple_of(offset_1, _BLOCK_SIZE_1), _BLOCK_SIZE_1)]
            v_8 = load_2 + partial
            out[offset_2, pl.ds(pl.multiple_of(offset_1, _BLOCK_SIZE_1), _BLOCK_SIZE_1)] = v_8
        # src[kernel_variants.py:38]: for item_idx in range(N):
        # src[kernel_variants.py:39]:     it_start = x_offsets[item_idx]
        # src[kernel_variants.py:40]:     it_end = x_offsets[item_idx + 1]
        # src[kernel_variants.py:38-45]: ...
        pltpu.emit_pipeline(_pipeline_body_1, grid=((8 - 0 + _BLOCK_SIZE_2 - 1) // _BLOCK_SIZE_2,), _explicit_indices=True)()
    # src[kernel_variants.py:36]: for tile_m in hl.tile(M):
    # src[kernel_variants.py:37]:     chunk = x_data[tile_l, tile_m]
    # src[kernel_variants.py:38]:     for item_idx in range(N):
    # src[kernel_variants.py:36-45]: ...
    pltpu.emit_pipeline(_pipeline_body, grid=((128 - 0 + _BLOCK_SIZE_1 - 1) // _BLOCK_SIZE_1,), in_specs=[pl.BlockSpec((_BLOCK_SIZE_0, _BLOCK_SIZE_1), lambda _j: (_outer_pid_0, _j), pipeline_mode=pl.Buffered(buffer_count=2))], _explicit_indices=True)(x_data)

def kernel_emit_pipeline(x_data: torch.Tensor, x_offsets: torch.Tensor, *, _launcher=_default_pallas_pipeline_launcher):
    # src[kernel_variants.py:29]: M = x_data.shape[1]
    M = x_data.shape[1]
    # src[kernel_variants.py:30]: N = x_offsets.shape[0] - 1
    N = x_offsets.shape[0] - 1
    # src[kernel_variants.py:31]: L = x_data.shape[0]
    L = x_data.shape[0]
    # src[kernel_variants.py:32]: out = torch.zeros([N, M], dtype=x_data.dtype, device=x_data.device)
    out = torch.zeros([N, M], dtype=x_data.dtype, device=x_data.device)
    # src[kernel_variants.py:33]: for tile_l in hl.tile(L):
    _BLOCK_SIZE_0 = 32
    # src[kernel_variants.py:33]: for tile_l in hl.tile(L):
    # src[kernel_variants.py:34]:     l_start = tile_l.index
    # src[kernel_variants.py:35]:     block_L = tile_l.block_size
    # src[kernel_variants.py:33-45]: ...
    _launcher(_helion_kernel_emit_pipeline, ((1024 + _BLOCK_SIZE_0 - 1) // _BLOCK_SIZE_0,), x_data, x_offsets, out, _output_indices=[2], _inplace_indices=[2], _block_spec_info=[((32, None), (0, None)), ((None,), (None,)), ((None, None), (None, None))], _ds_pad_dims=[(0, 1, 128, 0), (2, 1, 128, 0)], _smem_arg_indices=[1], _pipeline_arg_indices=[0])
    # src[kernel_variants.py:46]: return out
    return out

def call():
    from torch._dynamo.testing import rand_strided
    # src[kernel_variants.py:26]: def kernel_emit_pipeline(
    # src[kernel_variants.py:27]:     x_data: torch.Tensor, x_offsets: torch.Tensor
    # src[kernel_variants.py:28]: ) -> torch.Tensor:
    # src[kernel_variants.py:26-46]: ...
    x_data = rand_strided(size=(1024, 128), stride=(128, 1), dtype=torch.float32, device='tpu:0')
    x_offsets = rand_strided(size=(9,), stride=(1,), dtype=torch.int32, device='tpu:0')
    kernel_emit_pipeline(x_data, x_offsets)
if __name__ == '__main__':
    call()
RESULT max|out - ref(fp64)| = 2.431175e+01
RESULT bad cells: 1024 / 1024  (100.00%)  @ rtol=0.001 atol=0.001
RESULT first 10 bad cells:
   [  0,   0]  ref=+2.506165e+00  out=+0.000000e+00  diff=2.506165e+00
   [  0,   1]  ref=+7.937676e-02  out=+0.000000e+00  diff=7.937676e-02
   [  0,   2]  ref=+6.402875e+00  out=+0.000000e+00  diff=6.402875e+00
   [  0,   3]  ref=+4.186883e+00  out=+0.000000e+00  diff=4.186883e+00
   [  0,   4]  ref=+6.543723e+00  out=+0.000000e+00  diff=6.543723e+00
   [  0,   5]  ref=-4.299490e+00  out=+0.000000e+00  diff=4.299490e+00
   [  0,   6]  ref=+2.676757e+00  out=+0.000000e+00  diff=2.676757e+00
   [  0,   7]  ref=-7.830895e+00  out=+0.000000e+00  diff=7.830895e+00
   [  0,   8]  ref=+4.723637e+00  out=+0.000000e+00  diff=4.723637e+00
   [  0,   9]  ref=-1.609069e+00  out=+0.000000e+00  diff=1.609069e+00
RESULT bad cells per row: [128, 128, 128, 128, 128, 128, 128, 128]
RESULT seq_lengths        : [45, 48, 54, 1, 4, 60, 4, 40]

==============================================================================
=== variant='fori_loop' seed=0
==============================================================================
INPUT  x_padded.shape=(1024, 128)  L_nnz=256
INPUT  offsets=[0, 45, 93, 147, 148, 152, 212, 216, 256]
INPUT  seq_lengths=[45, 48, 54, 1, 4, 60, 4, 40]
# Output code written to: /tmp/torchinductor_ymu_google_com/hy/chyy74eucizbs2f53xc2jyivtf6ih2e6r64552p7gv3dfynbui3i.py
from __future__ import annotations

import torch
import jax
import jax.numpy as jnp
from jax.experimental import pallas as pl
import jax.lax as lax
from jax.experimental.pallas import tpu as pltpu
from helion.runtime import default_pallas_fori_launcher as _default_pallas_fori_launcher

_BLOCK_SIZE_0 = int(32)
_BLOCK_SIZE_1 = int(128)
_BLOCK_SIZE_2 = int(1)

def _helion_kernel_fori_loop(x_data, x_offsets, out, x_data_buf, x_data_sem):
    # src[kernel_variants.py:60]: for tile_l in hl.tile(L):
    pid_0 = pl.program_id(0)
    offset_0 = pid_0 * _BLOCK_SIZE_0
    indices_0 = offset_0 + jnp.arange(0, _BLOCK_SIZE_0, dtype=jnp.int32)

    def _fori_body_1(_j, _):
        nonlocal x_data_buf
        # src[kernel_variants.py:63]: for tile_m in hl.tile(M):
        # src[kernel_variants.py:64]:     chunk = x_data[tile_l, tile_m]
        # src[kernel_variants.py:65]:     for item_idx in range(N):
        # src[kernel_variants.py:63-72]: ...
        offset_1 = 0 + _j * _BLOCK_SIZE_1
        _copy = pltpu.make_async_copy(x_data.at[pl.ds(offset_0, _BLOCK_SIZE_0), pl.ds(0 + _j * _BLOCK_SIZE_1, _BLOCK_SIZE_1)], x_data_buf, x_data_sem)
        _copy.start()
        _copy.wait()
        indices_0_copy = indices_0
        indices_0_copy_0 = indices_0_copy
        # src[kernel_variants.py:64]: chunk = x_data[tile_l, tile_m]
        chunk = x_data_buf[:, :]

        def _fori_body_0(_j_1, _):
            nonlocal x_data_buf
            # src[kernel_variants.py:65]: for item_idx in range(N):
            # src[kernel_variants.py:66]:     it_start = x_offsets[item_idx]
            # src[kernel_variants.py:67]:     it_end = x_offsets[item_idx + 1]
            # src[kernel_variants.py:65-72]: ...
            offset_2 = 0 + _j_1 * _BLOCK_SIZE_2
            offset_2 = 0 + _j_1 * _BLOCK_SIZE_2
            indices_0_copy_0_copy = indices_0_copy_0
            chunk_copy = chunk
            indices_0_copy_0_copy_0 = indices_0_copy_0_copy
            chunk_copy_0 = chunk_copy
            # src[kernel_variants.py:66]: it_start = x_offsets[item_idx]
            it_start = x_offsets[offset_2]
            # src[kernel_variants.py:67]: it_end = x_offsets[item_idx + 1]
            add = 1 + offset_2
            it_end = x_offsets[add]
            # src[kernel_variants.py:68]: global_row = l_start + hl.arange(block_L)
            add_1 = 1 + _BLOCK_SIZE_0
            iota = jnp.arange(0, _BLOCK_SIZE_0, dtype=jnp.int32)
            v_0 = indices_0_copy_0_copy_0 + iota
            # src[kernel_variants.py:69]: mask = (global_row >= it_start) & (global_row < it_end)
            v_1 = v_0 >= it_start
            v_2 = v_0 < it_end
            v_3 = jnp.bitwise_and(v_1, v_2)
            # src[kernel_variants.py:70]: safe_chunk = (mask * 1.0)[:, None] * chunk
            v_4 = lax.convert_element_type(v_3, jnp.float32)
            v_5 = jnp.array(1.0, dtype=jnp.float32)
            v_6 = v_4 * v_5
            subscript = v_6[:, None]
            v_7 = subscript * chunk_copy_0
            # src[kernel_variants.py:71]: partial = safe_chunk.sum(dim=0)
            partial = lax.convert_element_type(jnp.sum(v_7, axis=0), jnp.float32)
            # src[kernel_variants.py:72]: out[item_idx, tile_m] += partial
            load_2 = out[offset_2, pl.ds(pl.multiple_of(offset_1, _BLOCK_SIZE_1), _BLOCK_SIZE_1)]
            v_8 = load_2 + partial
            out[offset_2, pl.ds(pl.multiple_of(offset_1, _BLOCK_SIZE_1), _BLOCK_SIZE_1)] = v_8
        # src[kernel_variants.py:65]: for item_idx in range(N):
        # src[kernel_variants.py:66]:     it_start = x_offsets[item_idx]
        # src[kernel_variants.py:67]:     it_end = x_offsets[item_idx + 1]
        # src[kernel_variants.py:65-72]: ...
        jax.lax.fori_loop(0, (8 - 0 + _BLOCK_SIZE_2 - 1) // _BLOCK_SIZE_2, _fori_body_0, None)
    # src[kernel_variants.py:63]: for tile_m in hl.tile(M):
    # src[kernel_variants.py:64]:     chunk = x_data[tile_l, tile_m]
    # src[kernel_variants.py:65]:     for item_idx in range(N):
    # src[kernel_variants.py:63-72]: ...
    jax.lax.fori_loop(0, (128 - 0 + _BLOCK_SIZE_1 - 1) // _BLOCK_SIZE_1, _fori_body_1, None)

def kernel_fori_loop(x_data: torch.Tensor, x_offsets: torch.Tensor, *, _launcher=_default_pallas_fori_launcher):
    # src[kernel_variants.py:56]: M = x_data.shape[1]
    M = x_data.shape[1]
    # src[kernel_variants.py:57]: N = x_offsets.shape[0] - 1
    N = x_offsets.shape[0] - 1
    # src[kernel_variants.py:58]: L = x_data.shape[0]
    L = x_data.shape[0]
    # src[kernel_variants.py:59]: out = torch.zeros([N, M], dtype=x_data.dtype, device=x_data.device)
    out = torch.zeros([N, M], dtype=x_data.dtype, device=x_data.device)
    # src[kernel_variants.py:60]: for tile_l in hl.tile(L):
    _BLOCK_SIZE_0 = 32
    # src[kernel_variants.py:60]: for tile_l in hl.tile(L):
    # src[kernel_variants.py:61]:     l_start = tile_l.index
    # src[kernel_variants.py:62]:     block_L = tile_l.block_size
    # src[kernel_variants.py:60-72]: ...
    _launcher(_helion_kernel_fori_loop, ((1024 + _BLOCK_SIZE_0 - 1) // _BLOCK_SIZE_0,), x_data, x_offsets, out, _output_indices=[2], _inplace_indices=[2], _block_spec_info=[((32, None), (0, None)), ((None,), (None,)), ((None, None), (None, None))], _ds_pad_dims=[(0, 1, 128, 0), (2, 1, 128, 0)], _smem_arg_indices=[1], _scratch_shapes=[((32, 128), 'jnp.float32', 'vmem'), ((), None, 'dma_semaphore')], _pipeline_arg_indices=[0])
    # src[kernel_variants.py:73]: return out
    return out

def call():
    from torch._dynamo.testing import rand_strided
    # src[kernel_variants.py:53]: def kernel_fori_loop(
    # src[kernel_variants.py:54]:     x_data: torch.Tensor, x_offsets: torch.Tensor
    # src[kernel_variants.py:55]: ) -> torch.Tensor:
    # src[kernel_variants.py:53-73]: ...
    x_data = rand_strided(size=(1024, 128), stride=(128, 1), dtype=torch.float32, device='tpu:0')
    x_offsets = rand_strided(size=(9,), stride=(1,), dtype=torch.int32, device='tpu:0')
    kernel_fori_loop(x_data, x_offsets)
if __name__ == '__main__':
    call()
RESULT max|out - ref(fp64)| = 2.431175e+01
RESULT bad cells: 1024 / 1024  (100.00%)  @ rtol=0.001 atol=0.001
RESULT first 10 bad cells:
   [  0,   0]  ref=+2.506165e+00  out=+0.000000e+00  diff=2.506165e+00
   [  0,   1]  ref=+7.937676e-02  out=+0.000000e+00  diff=7.937676e-02
   [  0,   2]  ref=+6.402875e+00  out=+0.000000e+00  diff=6.402875e+00
   [  0,   3]  ref=+4.186883e+00  out=+0.000000e+00  diff=4.186883e+00
   [  0,   4]  ref=+6.543723e+00  out=+0.000000e+00  diff=6.543723e+00
   [  0,   5]  ref=-4.299490e+00  out=+0.000000e+00  diff=4.299490e+00
   [  0,   6]  ref=+2.676757e+00  out=+0.000000e+00  diff=2.676757e+00
   [  0,   7]  ref=-7.830895e+00  out=+0.000000e+00  diff=7.830895e+00
   [  0,   8]  ref=+4.723637e+00  out=+0.000000e+00  diff=4.723637e+00
   [  0,   9]  ref=-1.609069e+00  out=+0.000000e+00  diff=1.609069e+00
RESULT bad cells per row: [128, 128, 128, 128, 128, 128, 128, 128]
RESULT seq_lengths        : [45, 48, 54, 1, 4, 60, 4, 40]

==============================================================================
=== variant='unroll' seed=0
==============================================================================
INPUT  x_padded.shape=(1024, 128)  L_nnz=256
INPUT  offsets=[0, 45, 93, 147, 148, 152, 212, 216, 256]
INPUT  seq_lengths=[45, 48, 54, 1, 4, 60, 4, 40]
# Output code written to: /tmp/torchinductor_ymu_google_com/m3/cm3pobh5uqirg7nzrcaqtdt7quppkelvqib6k4iqwlffoyujanow.py
from __future__ import annotations

import torch
import jax.numpy as jnp
from jax.experimental import pallas as pl
import jax.lax as lax
from helion.runtime import default_pallas_launcher as _default_pallas_launcher

_BLOCK_SIZE_0 = int(32)
_BLOCK_SIZE_1 = int(128)

def _helion_kernel_unroll(x_data, x_offsets, out):
    # src[kernel_variants.py:87]: for tile_l in hl.tile(L):
    pid_0 = pl.program_id(0)
    offset_0 = pid_0 * _BLOCK_SIZE_0
    indices_0 = offset_0 + jnp.arange(0, _BLOCK_SIZE_0, dtype=jnp.int32)
    # src[kernel_variants.py:90]: for tile_m in hl.tile(M):
    # src[kernel_variants.py:91]:     chunk = x_data[tile_l, tile_m]
    # src[kernel_variants.py:92]:     for item_idx in range(N):
    # src[kernel_variants.py:90-99]: ...
    for offset_1 in range(0, 128, _BLOCK_SIZE_1):
        indices_0_copy = indices_0
        indices_0_copy_0 = indices_0_copy
        # src[kernel_variants.py:91]: chunk = x_data[tile_l, tile_m]
        chunk = x_data[:, pl.ds(pl.multiple_of(offset_1, _BLOCK_SIZE_1), _BLOCK_SIZE_1)]
        # src[kernel_variants.py:92]: for item_idx in range(N):
        # src[kernel_variants.py:93]:     it_start = x_offsets[item_idx]
        # src[kernel_variants.py:94]:     it_end = x_offsets[item_idx + 1]
        # src[kernel_variants.py:92-99]: ...
        for offset_2 in range(0, 8):
            indices_0_copy_0_copy = indices_0_copy_0
            chunk_copy = chunk
            indices_0_copy_0_copy_0 = indices_0_copy_0_copy
            chunk_copy_0 = chunk_copy
            # src[kernel_variants.py:93]: it_start = x_offsets[item_idx]
            it_start = x_offsets[offset_2]
            # src[kernel_variants.py:94]: it_end = x_offsets[item_idx + 1]
            add = 1 + offset_2
            it_end = x_offsets[add]
            # src[kernel_variants.py:95]: global_row = l_start + hl.arange(block_L)
            add_1 = 1 + _BLOCK_SIZE_0
            iota = jnp.arange(0, _BLOCK_SIZE_0, dtype=jnp.int32)
            v_0 = indices_0_copy_0_copy_0 + iota
            # src[kernel_variants.py:96]: mask = (global_row >= it_start) & (global_row < it_end)
            v_1 = v_0 >= it_start
            v_2 = v_0 < it_end
            v_3 = jnp.bitwise_and(v_1, v_2)
            # src[kernel_variants.py:97]: safe_chunk = (mask * 1.0)[:, None] * chunk
            v_4 = lax.convert_element_type(v_3, jnp.float32)
            v_5 = jnp.array(1.0, dtype=jnp.float32)
            v_6 = v_4 * v_5
            subscript = v_6[:, None]
            v_7 = subscript * chunk_copy_0
            # src[kernel_variants.py:98]: partial = safe_chunk.sum(dim=0)
            partial = lax.convert_element_type(jnp.sum(v_7, axis=0), jnp.float32)
            # src[kernel_variants.py:99]: out[item_idx, tile_m] += partial
            load_2 = out[offset_2, pl.ds(pl.multiple_of(offset_1, _BLOCK_SIZE_1), _BLOCK_SIZE_1)]
            v_8 = load_2 + partial
            out[offset_2, pl.ds(pl.multiple_of(offset_1, _BLOCK_SIZE_1), _BLOCK_SIZE_1)] = v_8

def kernel_unroll(x_data: torch.Tensor, x_offsets: torch.Tensor, *, _launcher=_default_pallas_launcher):
    # src[kernel_variants.py:83]: M = x_data.shape[1]
    M = x_data.shape[1]
    # src[kernel_variants.py:84]: N = x_offsets.shape[0] - 1
    N = x_offsets.shape[0] - 1
    # src[kernel_variants.py:85]: L = x_data.shape[0]
    L = x_data.shape[0]
    # src[kernel_variants.py:86]: out = torch.zeros([N, M], dtype=x_data.dtype, device=x_data.device)
    out = torch.zeros([N, M], dtype=x_data.dtype, device=x_data.device)
    # src[kernel_variants.py:87]: for tile_l in hl.tile(L):
    _BLOCK_SIZE_0 = 32
    # src[kernel_variants.py:87]: for tile_l in hl.tile(L):
    # src[kernel_variants.py:88]:     l_start = tile_l.index
    # src[kernel_variants.py:89]:     block_L = tile_l.block_size
    # src[kernel_variants.py:87-99]: ...
    _launcher(_helion_kernel_unroll, ((1024 + _BLOCK_SIZE_0 - 1) // _BLOCK_SIZE_0,), x_data, x_offsets, out, _output_indices=[2], _inplace_indices=[2], _block_spec_info=[((32, None), (0, None)), ((None,), (None,)), ((None, None), (None, None))], _ds_pad_dims=[(0, 1, 128, 0), (2, 1, 128, 0)], _smem_arg_indices=[1])
    # src[kernel_variants.py:100]: return out
    return out

def call():
    from torch._dynamo.testing import rand_strided
    # src[kernel_variants.py:80]: def kernel_unroll(
    # src[kernel_variants.py:81]:     x_data: torch.Tensor, x_offsets: torch.Tensor
    # src[kernel_variants.py:82]: ) -> torch.Tensor:
    # src[kernel_variants.py:80-100]: ...
    x_data = rand_strided(size=(1024, 128), stride=(128, 1), dtype=torch.float32, device='tpu:0')
    x_offsets = rand_strided(size=(9,), stride=(1,), dtype=torch.int32, device='tpu:0')
    kernel_unroll(x_data, x_offsets)
if __name__ == '__main__':
    call()
RESULT max|out - ref(fp64)| = 2.431175e+01
RESULT bad cells: 1024 / 1024  (100.00%)  @ rtol=0.001 atol=0.001
RESULT first 10 bad cells:
   [  0,   0]  ref=+2.506165e+00  out=+0.000000e+00  diff=2.506165e+00
   [  0,   1]  ref=+7.937676e-02  out=+0.000000e+00  diff=7.937676e-02
   [  0,   2]  ref=+6.402875e+00  out=+0.000000e+00  diff=6.402875e+00
   [  0,   3]  ref=+4.186883e+00  out=+0.000000e+00  diff=4.186883e+00
   [  0,   4]  ref=+6.543723e+00  out=+0.000000e+00  diff=6.543723e+00
   [  0,   5]  ref=-4.299490e+00  out=+0.000000e+00  diff=4.299490e+00
   [  0,   6]  ref=+2.676757e+00  out=+0.000000e+00  diff=2.676757e+00
   [  0,   7]  ref=-7.830895e+00  out=+0.000000e+00  diff=7.830895e+00
   [  0,   8]  ref=+4.723637e+00  out=+0.000000e+00  diff=4.723637e+00
   [  0,   9]  ref=-1.609069e+00  out=+0.000000e+00  diff=1.609069e+00
RESULT bad cells per row: [128, 128, 128, 128, 128, 128, 128, 128]
RESULT seq_lengths        : [45, 48, 54, 1, 4, 60, 4, 40]

==============================================================================
=== variant summary (seed=0)
==============================================================================
variant= emit_pipeline  n_bad=1024
variant=     fori_loop  n_bad=1024
variant=        unroll  n_bad=1024
  variant[0]='emit_pipeline' vs variant[1]='fori_loop': |same|=True  |intersection|=1024  |sym_diff|=0
  variant[0]='emit_pipeline' vs variant[2]='unroll': |same|=True  |intersection|=1024  |sym_diff|=0
I0000 00:00:1779839667.198778 2006362 compilation_cache.cc:354] Compilation cache evicted.
I0000 00:00:1779839667.198807 2006362 compilation_cache.cc:219] CompilationCache final stats: num_cache_reqs=135
num_cache_hits=110 {81.4%}
peak_compilation_memory_bytes=unknown

----- END (exit=1) -----
