Launching aot_runner --standalone -> /workspace/helion-01/helion/examples/demo/07_aot_standalone_data
2026-03-13 18:28:33,654 - INFO - Starting new run: 20260313_182833_e9aa58
2026-03-13 18:28:33,692 - INFO - Logging to: /workspace/helion-01/helion/examples/demo/07_aot_standalone_data/20260313_182833_e9aa58/logs/runner_cuda_NVIDIA_B200_12.8.log
2026-03-13 18:28:33,693 - INFO - Starting AOT autotuning workflow
2026-03-13 18:28:33,693 - INFO - Run ID: 20260313_182833_e9aa58
2026-03-13 18:28:33,693 - INFO - Run directory: /workspace/helion-01/helion/examples/demo/07_aot_standalone_data/20260313_182833_e9aa58
2026-03-13 18:28:33,693 - INFO - Hardware ID: cuda_NVIDIA_B200_12.8
2026-03-13 18:28:33,693 - INFO - Performance goal: max_slowdown <= 1.1
2026-03-13 18:28:33,693 - INFO - ============================================================
2026-03-13 18:28:33,693 - INFO - PHASE 1: Collecting tuned configs
2026-03-13 18:28:33,693 - INFO - ============================================================
2026-03-13 18:28:33,693 - INFO - Running collect phase: /workspace/helion-01/.venv/bin/python /workspace/helion-01/helion/examples/demo/07_aot_standalone.py
2026-03-13 18:28:33,693 - INFO - Environment overrides: {'HELION_AOT_MODE': 'collect', 'HELION_AOT_DATA_DIR': '/workspace/helion-01/helion/examples/demo/07_aot_standalone_data/20260313_182833_e9aa58', 'HELION_AUTOTUNE_CACHE': 'AOTAutotuneCache'}
[AOT] Mode: collect, Data dir: /workspace/helion-01/helion/examples/demo/07_aot_standalone_data/20260313_182833_e9aa58, Hardware: cuda_NVIDIA_B200_12.8
[0s] Starting autotuning process, this may take a while...
[0s] Autotune random seed: 3899990361
[0s] Starting LFBOTreeSearch with initial_population=FROM_DEFAULT, copies=2, max_generations=5, similarity_penalty=1.0
AOT mode: collect
           Shape       ms     GB/s
Initial population precompiling 100% ━━━━━━━━━━━━━━━━━━━━━━━━━━━ 1/1 - configs/s
Initial population exploring neighbors 100% ━━━━━━━━━━━━━━━━━━━━ 1/1 - configs/s
[0s] Adaptive compile timeout: 30s (90% percentile=0.0s, bounds=[30.0s, 60s])
[0s] Initial random population of 1, 1 starting points: 
ok=1
min=0.0073
mid=0.0073
max=0.0073
best={'block_sizes': [1],
 'indexing': ['pointer', 'pointer', 'pointer', 'pointer', 'pointer', 'pointer', 'pointer'],
 'load_eviction_policies': ['', '', '', '', ''],
 'num_stages': 1,
 'num_warps': 4,
 'pid_type': 'flat',
 'range_flattens': [None],
 'range_multi_buffers': [None],
 'range_num_stages': [0],
 'range_unroll_factors': [0],
 'range_warp_specializes': [None],
 'reduction_loops': [None]}
[0s] All labels are identical, skip training surrogate.
[0s] Generation 1 starting: 7 neighbors, 1 active search path(s)
Generation 1: precompiling 100% ━━━━━━━━━━━━━━━━━━━━━━━━━━━━━ 8/8 52.9 configs/s
Generation 1: exploring neighbors 100% ━━━━━━━━━━━━━━━━━━━━━━ 8/8 16.7 configs/s
[0s] Generation 1 complete: 
ok=9
min=0.0072
mid=0.0092
max=0.0113
best={'block_sizes': [2],
 'indexing': ['tensor_descriptor', 'pointer', 'pointer', 'pointer', 'pointer', 'pointer',
              'pointer'],
 'load_eviction_policies': ['', '', '', '', ''],
 'num_stages': 1,
 'num_warps': 8,
 'pid_type': 'flat',
 'range_flattens': [None],
 'range_multi_buffers': [None],
 'range_num_stages': [0],
 'range_unroll_factors': [0],
 'range_warp_specializes': [None],
 'reduction_loops': [None]}
[0s] Fitting surrogate: 10 points, 10 targets
[1s] Generation 2 starting: 7 neighbors, 1 active search path(s)
Generation 2: precompiling 100% ━━━━━━━━━━━━━━━━━━━━━━━━━━━━━ 7/7 10.2 configs/s
Generation 2: exploring neighbors 100% ━━━━━━━━━━━━━━━━━━━━━━ 7/7 16.7 configs/s
[2s] Generation 2 complete: 
ok=8
min=0.0071
mid=0.0092
max=0.0113
best={'block_sizes': [1],
 'indexing': ['tensor_descriptor', 'pointer', 'pointer', 'pointer', 'pointer', 'pointer',
              'pointer'],
 'load_eviction_policies': ['', '', '', '', ''],
 'num_stages': 1,
 'num_warps': 16,
 'pid_type': 'flat',
 'range_flattens': [None],
 'range_multi_buffers': [None],
 'range_num_stages': [0],
 'range_unroll_factors': [0],
 'range_warp_specializes': [None],
 'reduction_loops': [None]}
[2s] Fitting surrogate: 18 points, 18 targets
[2s] Generation 3 starting: 5 neighbors, 1 active search path(s)
Generation 3: precompiling 100% ━━━━━━━━━━━━━━━━━━━━━━━━━━━━━ 5/5 14.5 configs/s
Generation 3: exploring neighbors 100% ━━━━━━━━━━━━━━━━━━━━━━ 5/5 18.3 configs/s
[3s] Generation 3 complete: 
ok=6
min=0.0071
mid=0.0072
max=0.0092
best={'block_sizes': [1],
 'indexing': ['tensor_descriptor', 'pointer', 'pointer', 'pointer', 'pointer', 'pointer',
              'pointer'],
 'load_eviction_policies': ['', '', '', '', ''],
 'num_stages': 1,
 'num_warps': 16,
 'pid_type': 'flat',
 'range_flattens': [None],
 'range_multi_buffers': [None],
 'range_num_stages': [0],
 'range_unroll_factors': [0],
 'range_warp_specializes': [None],
 'reduction_loops': [None]}
[3s] Fitting surrogate: 24 points, 24 targets
[3s] Generation 4 starting: 8 neighbors, 1 active search path(s)
Generation 4: precompiling 100% ━━━━━━━━━━━━━━━━━━━━━━━━━━━━━ 8/8 37.4 configs/s
Generation 4: exploring neighbors 100% ━━━━━━━━━━━━━━━━━━━━━━ 8/8 16.9 configs/s
[4s] Generation 4 complete: 
ok=10
min=0.0071
mid=0.0083
max=0.0112
best={'block_sizes': [1],
 'indexing': ['tensor_descriptor', 'pointer', 'pointer', 'pointer', 'pointer', 'pointer',
              'pointer'],
 'load_eviction_policies': ['', '', '', '', ''],
 'num_stages': 1,
 'num_warps': 16,
 'pid_type': 'flat',
 'range_flattens': [None],
 'range_multi_buffers': [None],
 'range_num_stages': [0],
 'range_unroll_factors': [0],
 'range_warp_specializes': [None],
 'reduction_loops': [None]}
[4s] Fitting surrogate: 34 points, 34 targets
[4s] Autotuning complete in 4.5s after searching 29 configs.
One can hardcode the best config and skip autotuning with:
    @helion.kernel(config=helion.Config(block_sizes=[1], indexing=['tensor_descriptor', 'pointer', 'pointer', 'pointer', 'pointer', 'pointer', 'pointer'], load_eviction_policies=['', '', '', '', ''], num_stages=1, num_warps=16, pid_type='flat', range_flattens=[None], range_multi_buffers=[None], range_num_stages=[0], range_unroll_factors=[0], range_warp_specializes=[None], reduction_loops=[None]), static_shapes=False)

[4s] Code of selected kernel: /tmp/torchinductor_dev/6t/c6t6kltrjbzxqklmdntnvolejhr5ctdwp4uvmigz5qfken6fj7h3.py
[AOT collect] Saved config for kernel=rms_norm shape_hash=7e017fd4 hashes=[['3128c7b5', '997f6e5a'], ['3128c7b5', '997f6e5a'], ['a039f53a']] to /workspace/helion-01/helion/examples/demo/07_aot_standalone_data/20260313_182833_e9aa58/tuned_configs_cuda_NVIDIA_B200_12.8.json
[0s] Starting autotuning process, this may take a while...
[0s] Autotune random seed: 3899990361
[0s] Starting LFBOTreeSearch with initial_population=FROM_DEFAULT, copies=2, max_generations=5, similarity_penalty=1.0
     (512, 2048)   0.0141    298.4
Initial population precompiling 100% ━━━━━━━━━━━━━━━━━━━━━━━━━━━ 1/1 - configs/s
Initial population exploring neighbors 100% ━━━━━━━━━━━━━━━━━━━━ 1/1 - configs/s
[0s] Adaptive compile timeout: 30s (90% percentile=0.0s, bounds=[30.0s, 30s])
[0s] Initial random population of 1, 1 starting points: 
ok=1
min=0.0112
mid=0.0112
max=0.0112
best={'block_sizes': [1],
 'indexing': ['pointer', 'pointer', 'pointer', 'pointer', 'pointer', 'pointer', 'pointer'],
 'load_eviction_policies': ['', '', '', '', ''],
 'num_stages': 1,
 'num_warps': 4,
 'pid_type': 'flat',
 'range_flattens': [None],
 'range_multi_buffers': [None],
 'range_num_stages': [0],
 'range_unroll_factors': [0],
 'range_warp_specializes': [None],
 'reduction_loops': [None]}
[0s] All labels are identical, skip training surrogate.
[0s] Generation 1 starting: 7 neighbors, 1 active search path(s)
Generation 1: precompiling 100% ━━━━━━━━━━━━━━━━━━━━━━━━━━━━━ 8/8 32.4 configs/s
Generation 1: exploring neighbors 100% ━━━━━━━━━━━━━━━━━━━━━━ 8/8 17.1 configs/s
[1s] Generation 1 complete: 
ok=9
min=0.0112
mid=0.0113
max=0.0174
best={'block_sizes': [1],
 'indexing': ['pointer', 'pointer', 'pointer', 'pointer', 'pointer', 'pointer', 'pointer'],
 'load_eviction_policies': ['', '', '', '', ''],
 'num_stages': 1,
 'num_warps': 4,
 'pid_type': 'flat',
 'range_flattens': [None],
 'range_multi_buffers': [None],
 'range_num_stages': [0],
 'range_unroll_factors': [0],
 'range_warp_specializes': [None],
 'reduction_loops': [None]}
[1s] Fitting surrogate: 10 points, 10 targets
[1s] Generation 2 starting: 7 neighbors, 1 active search path(s)
Generation 2: precompiling 100% ━━━━━━━━━━━━━━━━━━━━━━━━━━━━━ 7/7 46.3 configs/s
Generation 2: exploring neighbors 100% ━━━━━━━━━━━━━━━━━━━━━━ 7/7 17.4 configs/s
[2s] Generation 2 complete: 
ok=9
min=0.0112
mid=0.0112
max=0.0133
best={'block_sizes': [1],
 'indexing': ['pointer', 'pointer', 'pointer', 'pointer', 'pointer', 'pointer', 'pointer'],
2026-03-13 18:28:45,148 - INFO - Collected 2 configs for 1 kernels
2026-03-13 18:28:45,148 - INFO - ============================================================
2026-03-13 18:28:45,148 - INFO - PHASE 2: Measuring configs across shapes
2026-03-13 18:28:45,148 - INFO - ============================================================
2026-03-13 18:28:45,148 - INFO - Running measure phase: /workspace/helion-01/.venv/bin/python /workspace/helion-01/helion/examples/demo/07_aot_standalone.py
2026-03-13 18:28:45,148 - INFO - Environment overrides: {'HELION_AOT_MODE': 'measure', 'HELION_AOT_DATA_DIR': '/workspace/helion-01/helion/examples/demo/07_aot_standalone_data/20260313_182833_e9aa58', 'HELION_AUTOTUNE_CACHE': 'AOTAutotuneCache'}
2026-03-13 18:28:50,062 - INFO - Recorded 4 measurements
2026-03-13 18:28:50,062 - INFO - ============================================================
2026-03-13 18:28:50,062 - INFO - PHASE 3: Building heuristics
2026-03-13 18:28:50,062 - INFO - ============================================================
2026-03-13 18:28:50,062 - INFO - Generating heuristic for kernel: rms_norm

=== Generating heuristic for kernel: rms_norm ===

=== Score Matrix (shapes x configs) ===
Times in ms, * = best for shape, - = invalid

Shape          d0b6271a   edfdafe0       Best
---------------------------------------------
7e017fd4         0.0073    *0.0072 0.0072
ef872638         0.0112    *0.0112 0.0112

========================================
Total measurements: 4
Invalid measurements: 0
Min timing: 0.0072ms
Max timing: 0.0112ms
2026-03-13 18:28:50,063 - INFO -   Selected 1 configs with max_slowdown=1.01x, geomean_slowdown=1.01x

Selected 1 configs: max_slowdown=1.01x, geomean_slowdown=1.01x

=== Shape Feature Selection ===
Original features: 11
Selected features: 1
Removed features: 10

Removed features:
  - arg0_ndim: constant value: 2.0
  - arg0_dtype_size: constant value: 2.0
  - arg0_dtype_cat: constant value: 2.0
  - arg1_ndim: constant value: 1.0
  - arg1_dtype_size: constant value: 2.0
  - arg1_dtype_cat: constant value: 2.0
  - arg0_dim1: fully dependent on arg0_dim0 (corr=1.0000)
  - arg0_numel: fully dependent on arg0_dim0 (corr=1.0000)
  - arg1_dim0: fully dependent on arg0_dim0 (corr=1.0000)
  - arg1_numel: fully dependent on arg0_dim0 (corr=1.0000)

Surviving features:
  + arg0_dim0
================================
2026-03-13 18:28:50,064 - INFO -   Model accuracy: 100.00%

Model accuracy: 100.00%
2026-03-13 18:28:50,064 - INFO -   Saved heuristic to /workspace/helion-01/helion/examples/demo/07_aot_standalone_data/20260313_182833_e9aa58/heuristic_rms_norm.py
2026-03-13 18:28:50,064 - INFO -   Saved combined heuristic for 1 kernel(s) to: /workspace/helion-01/helion/examples/demo/_helion_aot_07_aot_standalone_cuda_sm100.py
2026-03-13 18:28:50,064 - INFO - Saved heuristic summary to /workspace/helion-01/helion/examples/demo/07_aot_standalone_data/20260313_182833_e9aa58/heuristic_summary_cuda_NVIDIA_B200_12.8.json
2026-03-13 18:28:50,064 - INFO - ============================================================
2026-03-13 18:28:50,064 - INFO - PHASE 4: Evaluating heuristics
2026-03-13 18:28:50,064 - INFO - ============================================================
2026-03-13 18:28:50,065 - INFO - Running evaluate phase: /workspace/helion-01/.venv/bin/python /workspace/helion-01/helion/examples/demo/07_aot_standalone.py
2026-03-13 18:28:50,065 - INFO - Environment overrides: {'HELION_AOT_MODE': 'evaluate', 'HELION_AOT_DATA_DIR': '/workspace/helion-01/helion/examples/demo/07_aot_standalone_data/20260313_182833_e9aa58', 'HELION_AUTOTUNE_CACHE': 'AOTAutotuneCache'}
2026-03-13 18:28:54,366 - INFO - Saved evaluation results to /workspace/helion-01/helion/examples/demo/07_aot_standalone_data/20260313_182833_e9aa58/evaluation_cuda_NVIDIA_B200_12.8.json
2026-03-13 18:28:54,367 - INFO - ============================================================
2026-03-13 18:28:54,367 - INFO - AOT autotuning workflow completed successfully!
2026-03-13 18:28:54,367 - INFO - ============================================================
2026-03-13 18:28:54,367 - INFO - To emit standalone Triton files (no helion deps), re-run with --standalone
2026-03-13 18:28:54,367 - INFO - ============================================================
2026-03-13 18:28:54,367 - INFO - Generating standalone Triton files
2026-03-13 18:28:54,367 - INFO - ============================================================
2026-03-13 18:28:54,367 - INFO - Running compile phase: /workspace/helion-01/.venv/bin/python /workspace/helion-01/helion/examples/demo/07_aot_standalone.py
2026-03-13 18:28:54,367 - INFO - Environment overrides: {'HELION_AOT_MODE': 'compile', 'HELION_AOT_DATA_DIR': '/workspace/helion-01/helion/examples/demo/07_aot_standalone_data/20260313_182833_e9aa58', 'HELION_AUTOTUNE_CACHE': 'AOTAutotuneCache'}
2026-03-13 18:28:58,813 - INFO - Run directory: /workspace/helion-01/helion/examples/demo/07_aot_standalone_data/20260313_182833_e9aa58
 'load_eviction_policies': ['', '', '', '', ''],
 'num_stages': 1,
 'num_warps': 4,
 'pid_type': 'flat',
 'range_flattens': [None],
 'range_multi_buffers': [None],
 'range_num_stages': [0],
 'range_unroll_factors': [0],
 'range_warp_specializes': [None],
 'reduction_loops': [None]}
[2s] Fitting surrogate: 19 points, 19 targets
[2s] Autotuning complete in 2.2s after searching 16 configs.
One can hardcode the best config and skip autotuning with:
    @helion.kernel(config=helion.Config(block_sizes=[1], indexing=['pointer', 'pointer', 'pointer', 'pointer', 'pointer', 'pointer', 'pointer'], load_eviction_policies=['', '', '', '', ''], num_stages=1, num_warps=4, pid_type='flat', range_flattens=[None], range_multi_buffers=[None], range_num_stages=[0], range_unroll_factors=[0], range_warp_specializes=[None], reduction_loops=[None]), static_shapes=False)

[2s] Code of selected kernel: /tmp/torchinductor_dev/oa/coako6ovldluhtk74fv64wftynl6ckvk3ymfgf4kf3dicfratlye.py
[AOT collect] Saved config for kernel=rms_norm shape_hash=ef872638 hashes=[['4155339b', '48b0524f'], ['4155339b', '48b0524f'], ['9689452c']] to /workspace/helion-01/helion/examples/demo/07_aot_standalone_data/20260313_182833_e9aa58/tuned_configs_cuda_NVIDIA_B200_12.8.json
    (1024, 4096)   0.0143   1170.6
    (2048, 4096)   0.0165   2035.4
[AOT] Mode: measure, Data dir: /workspace/helion-01/helion/examples/demo/07_aot_standalone_data/20260313_182833_e9aa58, Hardware: cuda_NVIDIA_B200_12.8
[AOT] Loaded 2 existing configs
[0s] Autotune random seed: 3900001816
[AOT measure] Testing 2 configs for rms_norm shape_hash=7e017fd4
AOT mode: measure
           Shape       ms     GB/s
[AOT measure] Config 1/2: 0.0073ms
[AOT measure] Config 2/2: 0.0072ms
[AOT measure] Completed: 2/2 configs succeeded
[0s] Autotune random seed: 3900001816
[AOT measure] Testing 2 configs for rms_norm shape_hash=ef872638
     (512, 2048)   0.0139    302.8
[AOT measure] Config 1/2: 0.0112ms
[AOT measure] Config 2/2: 0.0112ms
[AOT measure] Completed: 2/2 configs succeeded
    (1024, 4096)   0.0137   1221.7
    (2048, 4096)   0.0160   2094.8
Using cached config:
	@helion.kernel(config=helion.Config(block_sizes=[1], indexing=['tensor_descriptor', 'pointer', 'pointer', 'pointer', 'pointer', 'pointer', 'pointer'], load_eviction_policies=['', '', '', '', ''], num_stages=1, num_warps=16, pid_type='flat', range_flattens=[None], range_multi_buffers=[None], range_num_stages=[0], range_unroll_factors=[0], range_warp_specializes=[None], reduction_loops=[None]), static_shapes=False)
[0s] Found cached config for rms_norm, skipping autotuning.

AOT mode: evaluate
           Shape       ms     GB/s
     (512, 2048)   0.0088    475.6
    (1024, 4096)   0.0112   1498.2
    (2048, 4096)   0.0153   2187.0
[AOT] Standalone: /workspace/helion-01/helion/examples/demo/07_aot_standalone_rms_norm_standalone.py
Using cached config:
	@helion.kernel(config=helion.Config(block_sizes=[1], indexing=['tensor_descriptor', 'pointer', 'pointer', 'pointer', 'pointer', 'pointer', 'pointer'], load_eviction_policies=['', '', '', '', ''], num_stages=1, num_warps=16, pid_type='flat', range_flattens=[None], range_multi_buffers=[None], range_num_stages=[0], range_unroll_factors=[0], range_warp_specializes=[None], reduction_loops=[None]), static_shapes=False)
[0s] Found cached config for rms_norm, skipping autotuning.

Using cached config:
	@helion.kernel(config=helion.Config(block_sizes=[1], indexing=['tensor_descriptor', 'pointer', 'pointer', 'pointer', 'pointer', 'pointer', 'pointer'], load_eviction_policies=['', '', '', '', ''], num_stages=1, num_warps=16, pid_type='flat', range_flattens=[None], range_multi_buffers=[None], range_num_stages=[0], range_unroll_factors=[0], range_warp_specializes=[None], reduction_loops=[None]), static_shapes=False)
[0s] Found cached config for rms_norm, skipping autotuning.

AOT mode: compile
           Shape       ms     GB/s
     (512, 2048)   0.0155    269.9
    (1024, 4096)   0.0144   1161.9
    (2048, 4096)   0.0161   2083.5
